10 [22912654926592] INFO perfrun.launcher <> - Launcher main begin
11 [22912654926592] INFO perfrun.launcher <> - MessageCatalogInit finished
11 [22912654926592] INFO perfrun.launcher <> - Launcher instance created
11 [22912654926592] INFO perfrun.launcher <> - argc = 6; cmdline = /apps/all/Advisor/2021.4.0-GCCcore-10.3.0/advisor/2021.4.0/bin64/advixe-runss -dump-vdso -r /tmp/pbs.691612.isrv1/advixe-tmp-xzbori20/advixe-res-537219-11710139062441656 --tmp-dir /tmp/pbs.691612.isrv1/advixe-tmp-xzbori20 
55 [22912654926592] INFO perfrun.launcher <> - create msngr2::ICliToolContext
55 [22912654926592] INFO perfrun.launcher <> - create file finder object
58 [22912524482304] INFO perfrun.launcher <> - plugin [remoteplug] was disabled because it doesn't support the given collection type.
58 [22912524482304] INFO perfrun.launcher <> - plugin [system] was disabled because it doesn't support the given collection type.
58 [22912524482304] INFO perfrun.vdso <> - dumping [vdso] pseudomodule
59 [22912524482304] INFO perfrun.launcher <> - plugin [itt] was disabled because it doesn't support the given collection type.
59 [22912524482304] INFO perfrun.launcher <> - plugin [] was disabled because it doesn't support the given collection type.
59 [22912524482304] INFO perfrun.launcher <> - plugin [gpu] was disabled because it doesn't support the given collection type.
59 [22912524482304] INFO perfrun.launcher <> - plugin [] was disabled because it doesn't support the given collection type.
59 [22912524482304] INFO perfrun.launcher <> - plugin [] was disabled because it doesn't support the given collection type.
59 [22912524482304] INFO perfrun.launcher <> - plugin [] was disabled because it doesn't support the given collection type.
59 [22912524482304] INFO perfrun.launcher <> - plugin [mrte] was disabled because it doesn't support the given collection type.
59 [22912524482304] INFO perfrun.launcher <> - plugin [] was disabled because it doesn't support the given collection type.
59 [22912524482304] INFO perfrun.launcher <> - plugin [] was disabled because it doesn't support the given collection type.
59 [22912524482304] INFO perfrun.launcher <> - plugin [] was disabled because it doesn't support the given collection type.
59 [22912524482304] INFO perfrun.launcher <> - plugin [] was disabled because it doesn't support the given collection type.
59 [22912524482304] INFO perfrun.launcher <> - plugin [] was disabled because it doesn't support the given collection type.
59 [22912524482304] INFO perfrun.launcher <> - plugin [] was disabled because it doesn't support the given collection type.
59 [22912524482304] INFO perfrun.launcher <> - plugin [] was disabled because it doesn't support the given collection type.
59 [22912524482304] INFO perfrun.launcher <> - plugin [tpss] was disabled because it doesn't support the given collection type.
59 [22912524482304] INFO perfrun.launcher <> - plugin [] was disabled because it doesn't support the given collection type.
59 [22912524482304] INFO perfrun.launcher <> - plugin [] was disabled because it doesn't support the given collection type.
59 [22912524482304] INFO perfrun.launcher <> - plugin [] was disabled because it doesn't support the given collection type.
59 [22912524482304] INFO perfrun.launcher <> - plugin [] was disabled because it doesn't support the given collection type.
59 [22912524482304] INFO perfrun.launcher <> - plugin [] was disabled because it doesn't support the given collection type.
59 [22912524482304] INFO perfrun.launcher <> - plugin [] was disabled because it doesn't support the given collection type.
59 [22912524482304] INFO perfrun.launcher <> - plugin [] was disabled because it doesn't support the given collection type.
59 [22912524482304] INFO perfrun.launcher <> - plugin [] was disabled because it doesn't support the given collection type.
59 [22912524482304] INFO perfrun.launcher <> - plugin [] was disabled because it doesn't support the given collection type.
59 [22912524482304] INFO perfrun.launcher <> - plugin [] was disabled because it doesn't support the given collection type.
59 [22912654926592] INFO perfrun.launcher <> - Application exit code: 0
59 [22912654926592] INFO perfrun.launcher <> - Exit code: 0
