
547765 : 0xa85f55ced20de : 1 : spill_jit_data :  Jit agent is not initialized
547749 : 0xa85f55ced49fd : 2 : ittapi_config_mask_get :  --itt-config mask to be applied: 55
547749 : 0xa85f55ced656a : 2 : ittapi_config_apply_per_lib :  ITTAPI function instrumented: __itt_domain_create
547749 : 0xa85f55ced6f5d : 2 : ittapi_config_apply_per_lib :  ITTAPI function instrumented: __itt_module_load_with_sections
547749 : 0xa85f55ced7d17 : 2 : ittapi_config_apply_per_lib :  ITTAPI function not implemented: __itt_module_unload_with_sections
547749 : 0xa85f55ced85ae : 2 : ittapi_config_apply_per_lib :  ITTAPI function instrumented: __itt_string_handle_create
547749 : 0xa85f55ced8cb1 : 2 : ittapi_config_apply_per_lib :  ITTAPI function instrumented: __itt_counter_create
547749 : 0xa85f55ced9333 : 2 : ittapi_config_apply_per_lib :  ITTAPI function instrumented: __itt_counter_create_typed
547749 : 0xa85f55ced9b43 : 2 : ittapi_config_apply_per_lib :  ITTAPI function instrumented: __itt_pause
547749 : 0xa85f55ceda24b : 2 : ittapi_config_apply_per_lib :  ITTAPI function instrumented: __itt_resume
547749 : 0xa85f55cee0211 : 2 : ittapi_config_apply_per_lib :  ITTAPI function instrumented: __itt_thread_set_name
547749 : 0xa85f55cee0a6a : 2 : ittapi_config_apply_per_lib :  ITTAPI function instrumented: __itt_thread_ignore
547749 : 0xa85f55cee11a7 : 2 : ittapi_config_apply_per_lib :  ITTAPI function instrumented: __itt_thr_name_set
547749 : 0xa85f55cee190a : 2 : ittapi_config_apply_per_lib :  ITTAPI function instrumented: __itt_thr_ignore
547749 : 0xa85f55cee1fd2 : 2 : ittapi_config_apply_per_lib :  ITTAPI function instrumented: __itt_histogram_create
547749 : 0xa85f55cee2963 : 2 : ittapi_config_apply_per_lib :  ITTAPI function not implemented: __itt_enable_attach
547749 : 0xa85f55cee3099 : 2 : ittapi_config_apply_per_lib :  ITTAPI function instrumented: __itt_detach
547749 : 0xa85f55cee345f : 2 : ittapi_config_apply_per_lib :  ITTAPI function NOT instrumented (not matched by --itt-config option): __itt_sync_create

547749 : 0xa85f55cee3904 : 2 : ittapi_config_apply_per_lib :  ITTAPI function NOT instrumented (not matched by --itt-config option): __itt_sync_rename

547749 : 0xa85f55cee3d2e : 2 : ittapi_config_apply_per_lib :  ITTAPI function NOT instrumented (not matched by --itt-config option): __itt_sync_destroy

547749 : 0xa85f55cee5293 : 2 : ittapi_config_apply_per_lib :  ITTAPI function NOT instrumented (not matched by --itt-config option): __itt_sync_prepare

547749 : 0xa85f55cee5713 : 2 : ittapi_config_apply_per_lib :  ITTAPI function NOT instrumented (not matched by --itt-config option): __itt_sync_cancel

547749 : 0xa85f55cee5ac7 : 2 : ittapi_config_apply_per_lib :  ITTAPI function NOT instrumented (not matched by --itt-config option): __itt_sync_acquired

547749 : 0xa85f55cee5e52 : 2 : ittapi_config_apply_per_lib :  ITTAPI function NOT instrumented (not matched by --itt-config option): __itt_sync_releasing

547749 : 0xa85f55cee66d7 : 2 : ittapi_config_apply_per_lib :  ITTAPI function not implemented: __itt_suppress_push
547749 : 0xa85f55cee6f62 : 2 : ittapi_config_apply_per_lib :  ITTAPI function not implemented: __itt_suppress_pop
547749 : 0xa85f55cee77a8 : 2 : ittapi_config_apply_per_lib :  ITTAPI function not implemented: __itt_suppress_mark_range
547749 : 0xa85f55cee7f7b : 2 : ittapi_config_apply_per_lib :  ITTAPI function not implemented: __itt_suppress_clear_range
547749 : 0xa85f55cee8307 : 2 : ittapi_config_apply_per_lib :  ITTAPI function NOT instrumented (not matched by --itt-config option): __itt_sync_prepare

547749 : 0xa85f55cee869f : 2 : ittapi_config_apply_per_lib :  ITTAPI function NOT instrumented (not matched by --itt-config option): __itt_sync_cancel

547749 : 0xa85f55cee96e6 : 2 : ittapi_config_apply_per_lib :  ITTAPI function NOT instrumented (not matched by --itt-config option): __itt_sync_acquired

547749 : 0xa85f55cee9aea : 2 : ittapi_config_apply_per_lib :  ITTAPI function NOT instrumented (not matched by --itt-config option): __itt_sync_releasing

547749 : 0xa85f55cee9ea5 : 2 : ittapi_config_apply_per_lib :  ITTAPI function NOT instrumented (not matched by --itt-config option): __itt_model_site_begin

547749 : 0xa85f55ceea2b7 : 2 : ittapi_config_apply_per_lib :  ITTAPI function NOT instrumented (not matched by --itt-config option): __itt_model_site_end

547749 : 0xa85f55ceea67f : 2 : ittapi_config_apply_per_lib :  ITTAPI function NOT instrumented (not matched by --itt-config option): __itt_model_task_begin

547749 : 0xa85f55ceeaa39 : 2 : ittapi_config_apply_per_lib :  ITTAPI function NOT instrumented (not matched by --itt-config option): __itt_model_task_end

547749 : 0xa85f55ceeada8 : 2 : ittapi_config_apply_per_lib :  ITTAPI function NOT instrumented (not matched by --itt-config option): __itt_model_lock_acquire

547749 : 0xa85f55ceeb163 : 2 : ittapi_config_apply_per_lib :  ITTAPI function NOT instrumented (not matched by --itt-config option): __itt_model_lock_release

547749 : 0xa85f55ceeb4f1 : 2 : ittapi_config_apply_per_lib :  ITTAPI function NOT instrumented (not matched by --itt-config option): __itt_model_record_allocation

547749 : 0xa85f55ceeb896 : 2 : ittapi_config_apply_per_lib :  ITTAPI function NOT instrumented (not matched by --itt-config option): __itt_model_record_deallocation

547749 : 0xa85f55ceed50a : 2 : ittapi_config_apply_per_lib :  ITTAPI function NOT instrumented (not matched by --itt-config option): __itt_model_induction_uses

547749 : 0xa85f55ceed974 : 2 : ittapi_config_apply_per_lib :  ITTAPI function NOT instrumented (not matched by --itt-config option): __itt_model_reduction_uses

547749 : 0xa85f55ceedcef : 2 : ittapi_config_apply_per_lib :  ITTAPI function NOT instrumented (not matched by --itt-config option): __itt_model_observe_uses

547749 : 0xa85f55ceee102 : 2 : ittapi_config_apply_per_lib :  ITTAPI function NOT instrumented (not matched by --itt-config option): __itt_model_clear_uses

547749 : 0xa85f55ceee4ac : 2 : ittapi_config_apply_per_lib :  ITTAPI function NOT instrumented (not matched by --itt-config option): __itt_model_site_beginA

547749 : 0xa85f55ceee86c : 2 : ittapi_config_apply_per_lib :  ITTAPI function NOT instrumented (not matched by --itt-config option): __itt_model_site_beginAL

547749 : 0xa85f55ceeebfb : 2 : ittapi_config_apply_per_lib :  ITTAPI function NOT instrumented (not matched by --itt-config option): __itt_model_task_beginA

547749 : 0xa85f55ceeef6e : 2 : ittapi_config_apply_per_lib :  ITTAPI function NOT instrumented (not matched by --itt-config option): __itt_model_task_beginAL

547749 : 0xa85f55ceef2f3 : 2 : ittapi_config_apply_per_lib :  ITTAPI function NOT instrumented (not matched by --itt-config option): __itt_model_iteration_taskA

547749 : 0xa85f55ceef680 : 2 : ittapi_config_apply_per_lib :  ITTAPI function NOT instrumented (not matched by --itt-config option): __itt_model_iteration_taskAL

547749 : 0xa85f55cef05bd : 2 : ittapi_config_apply_per_lib :  ITTAPI function NOT instrumented (not matched by --itt-config option): __itt_model_site_end_2

547749 : 0xa85f55cef09af : 2 : ittapi_config_apply_per_lib :  ITTAPI function NOT instrumented (not matched by --itt-config option): __itt_model_task_end_2

547749 : 0xa85f55cef0d3d : 2 : ittapi_config_apply_per_lib :  ITTAPI function NOT instrumented (not matched by --itt-config option): __itt_model_lock_acquire_2

547749 : 0xa85f55cef10d7 : 2 : ittapi_config_apply_per_lib :  ITTAPI function NOT instrumented (not matched by --itt-config option): __itt_model_lock_release_2

547749 : 0xa85f55cef143e : 2 : ittapi_config_apply_per_lib :  ITTAPI function NOT instrumented (not matched by --itt-config option): __itt_model_aggregate_task

547749 : 0xa85f55cef17cf : 2 : ittapi_config_apply_per_lib :  ITTAPI function NOT instrumented (not matched by --itt-config option): __itt_model_disable_push

547749 : 0xa85f55cef1b49 : 2 : ittapi_config_apply_per_lib :  ITTAPI function NOT instrumented (not matched by --itt-config option): __itt_model_disable_pop

547749 : 0xa85f55cef22d0 : 2 : ittapi_config_apply_per_lib :  ITTAPI function instrumented: __itt_heap_function_create
547749 : 0xa85f55cef2a4c : 2 : ittapi_config_apply_per_lib :  ITTAPI function instrumented: __itt_heap_allocate_begin
547749 : 0xa85f55cef3123 : 2 : ittapi_config_apply_per_lib :  ITTAPI function instrumented: __itt_heap_allocate_end
547749 : 0xa85f55cef4e38 : 2 : ittapi_config_apply_per_lib :  ITTAPI function instrumented: __itt_heap_free_begin
547749 : 0xa85f55cef5538 : 2 : ittapi_config_apply_per_lib :  ITTAPI function instrumented: __itt_heap_free_end
547749 : 0xa85f55cef5bfe : 2 : ittapi_config_apply_per_lib :  ITTAPI function instrumented: __itt_heap_reallocate_begin
547749 : 0xa85f55cef6294 : 2 : ittapi_config_apply_per_lib :  ITTAPI function instrumented: __itt_heap_reallocate_end
547749 : 0xa85f55cef6aca : 2 : ittapi_config_apply_per_lib :  ITTAPI function not implemented: __itt_heap_internal_access_begin
547749 : 0xa85f55cef72d9 : 2 : ittapi_config_apply_per_lib :  ITTAPI function not implemented: __itt_heap_internal_access_end
547749 : 0xa85f55cef7ad3 : 2 : ittapi_config_apply_per_lib :  ITTAPI function not implemented: __itt_heap_record_memory_growth_begin
547749 : 0xa85f55cef8274 : 2 : ittapi_config_apply_per_lib :  ITTAPI function not implemented: __itt_heap_record_memory_growth_end
547749 : 0xa85f55cef8a9e : 2 : ittapi_config_apply_per_lib :  ITTAPI function not implemented: __itt_heap_reset_detection
547749 : 0xa85f55cef9231 : 2 : ittapi_config_apply_per_lib :  ITTAPI function not implemented: __itt_heap_record
547749 : 0xa85f55cefa7f2 : 2 : ittapi_config_apply_per_lib :  ITTAPI function not implemented: __itt_id_create
547749 : 0xa85f55cefbdb7 : 2 : ittapi_config_apply_per_lib :  ITTAPI function not implemented: __itt_id_destroy
547749 : 0xa85f55cefc508 : 2 : ittapi_config_apply_per_lib :  ITTAPI function instrumented: __itt_get_timestamp
547749 : 0xa85f55cefcc7c : 2 : ittapi_config_apply_per_lib :  ITTAPI function not implemented: __itt_region_begin
547749 : 0xa85f55cefd43f : 2 : ittapi_config_apply_per_lib :  ITTAPI function not implemented: __itt_region_end
547749 : 0xa85f55cefdb4c : 2 : ittapi_config_apply_per_lib :  ITTAPI function instrumented: __itt_frame_begin_v3
547749 : 0xa85f55cefe257 : 2 : ittapi_config_apply_per_lib :  ITTAPI function instrumented: __itt_frame_end_v3
547749 : 0xa85f55cefe953 : 2 : ittapi_config_apply_per_lib :  ITTAPI function instrumented: __itt_frame_submit_v3
547749 : 0xa85f55ceff142 : 2 : ittapi_config_apply_per_lib :  ITTAPI function not implemented: __itt_task_group
547749 : 0xa85f55ceff83a : 2 : ittapi_config_apply_per_lib :  ITTAPI function instrumented: __itt_task_begin
547749 : 0xa85f55cf010c8 : 2 : ittapi_config_apply_per_lib :  ITTAPI function instrumented: __itt_task_begin_fn
547749 : 0xa85f55cf017e7 : 2 : ittapi_config_apply_per_lib :  ITTAPI function instrumented: __itt_task_end
547749 : 0xa85f55cf01fe4 : 2 : ittapi_config_apply_per_lib :  ITTAPI function not implemented: __itt_counter_inc_v3
547749 : 0xa85f55cf02795 : 2 : ittapi_config_apply_per_lib :  ITTAPI function not implemented: __itt_counter_inc_delta_v3
547749 : 0xa85f55cf02f0e : 2 : ittapi_config_apply_per_lib :  ITTAPI function not implemented: __itt_counter_dec_v3
547749 : 0xa85f55cf03617 : 2 : ittapi_config_apply_per_lib :  ITTAPI function not implemented: __itt_counter_dec_delta_v3
547749 : 0xa85f55cf03d43 : 2 : ittapi_config_apply_per_lib :  ITTAPI function not implemented: __itt_marker
547749 : 0xa85f55cf04423 : 2 : ittapi_config_apply_per_lib :  ITTAPI function instrumented: __itt_metadata_add
547749 : 0xa85f55cf04b9c : 2 : ittapi_config_apply_per_lib :  ITTAPI function not implemented: __itt_metadata_str_add
547749 : 0xa85f55cf052b3 : 2 : ittapi_config_apply_per_lib :  ITTAPI function not implemented: __itt_relation_add_to_current
547749 : 0xa85f55cf06723 : 2 : ittapi_config_apply_per_lib :  ITTAPI function not implemented: __itt_relation_add
547749 : 0xa85f55cf06e42 : 2 : ittapi_config_apply_per_lib :  ITTAPI function instrumented: __itt_event_create
547749 : 0xa85f55cf07503 : 2 : ittapi_config_apply_per_lib :  ITTAPI function instrumented: __itt_event_start
547749 : 0xa85f55cf07bd0 : 2 : ittapi_config_apply_per_lib :  ITTAPI function instrumented: __itt_event_end
547749 : 0xa85f55cf07fb4 : 2 : ittapi_config_apply_per_lib :  ITTAPI function NOT instrumented (not matched by --itt-config option): __itt_sync_set_name

547749 : 0xa85f55cf083a0 : 2 : ittapi_config_apply_per_lib :  ITTAPI function NOT instrumented (not matched by --itt-config option): __itt_notify_sync_name

547749 : 0xa85f55cf08726 : 2 : ittapi_config_apply_per_lib :  ITTAPI function NOT instrumented (not matched by --itt-config option): __itt_notify_sync_prepare

547749 : 0xa85f55cf08aa0 : 2 : ittapi_config_apply_per_lib :  ITTAPI function NOT instrumented (not matched by --itt-config option): __itt_notify_sync_cancel

547749 : 0xa85f55cf08e27 : 2 : ittapi_config_apply_per_lib :  ITTAPI function NOT instrumented (not matched by --itt-config option): __itt_notify_sync_acquired

547749 : 0xa85f55cf091e2 : 2 : ittapi_config_apply_per_lib :  ITTAPI function NOT instrumented (not matched by --itt-config option): __itt_notify_sync_releasing

547749 : 0xa85f55cf0ad77 : 2 : ittapi_config_apply_per_lib :  ITTAPI function not implemented: __itt_memory_read
547749 : 0xa85f55cf0b542 : 2 : ittapi_config_apply_per_lib :  ITTAPI function not implemented: __itt_memory_write
547749 : 0xa85f55cf0bcd2 : 2 : ittapi_config_apply_per_lib :  ITTAPI function not implemented: __itt_memory_update
547749 : 0xa85f55cf0c3fd : 2 : ittapi_config_apply_per_lib :  ITTAPI function not implemented: __itt_state_get
547749 : 0xa85f55cf0caf2 : 2 : ittapi_config_apply_per_lib :  ITTAPI function not implemented: __itt_state_set
547749 : 0xa85f55cf0d3ad : 2 : ittapi_config_apply_per_lib :  ITTAPI function not implemented: __itt_obj_mode_set
547749 : 0xa85f55cf0dab6 : 2 : ittapi_config_apply_per_lib :  ITTAPI function not implemented: __itt_thr_mode_set
547749 : 0xa85f55cf0e177 : 2 : ittapi_config_apply_per_lib :  ITTAPI function instrumented: __itt_frame_create
547749 : 0xa85f55cf0e7ee : 2 : ittapi_config_apply_per_lib :  ITTAPI function instrumented: __itt_pt_region_create
547749 : 0xa85f55cf0ee96 : 2 : ittapi_config_apply_per_lib :  ITTAPI function instrumented: __itt_frame_begin
547749 : 0xa85f55cf1023b : 2 : ittapi_config_apply_per_lib :  ITTAPI function instrumented: __itt_frame_end
547749 : 0xa85f55cf10a1d : 2 : ittapi_config_apply_per_lib :  ITTAPI function not implemented: __itt_counter_destroy
547749 : 0xa85f55cf110ee : 2 : ittapi_config_apply_per_lib :  ITTAPI function instrumented: __itt_counter_inc
547749 : 0xa85f55cf1176f : 2 : ittapi_config_apply_per_lib :  ITTAPI function instrumented: __itt_counter_inc_delta
547749 : 0xa85f55cf11e13 : 2 : ittapi_config_apply_per_lib :  ITTAPI function instrumented: __itt_counter_dec
547749 : 0xa85f55cf1250b : 2 : ittapi_config_apply_per_lib :  ITTAPI function instrumented: __itt_counter_dec_delta
547749 : 0xa85f55cf12bba : 2 : ittapi_config_apply_per_lib :  ITTAPI function instrumented: __itt_counter_set_value
547749 : 0xa85f55cf132c4 : 2 : ittapi_config_apply_per_lib :  ITTAPI function not implemented: __itt_counter_set_value_ex
547749 : 0xa85f55cf139ef : 2 : ittapi_config_apply_per_lib :  ITTAPI function not implemented: __itt_mark_create
547749 : 0xa85f55cf14101 : 2 : ittapi_config_apply_per_lib :  ITTAPI function not implemented: __itt_mark
547749 : 0xa85f55cf15534 : 2 : ittapi_config_apply_per_lib :  ITTAPI function not implemented: __itt_mark_off
547749 : 0xa85f55cf15c92 : 2 : ittapi_config_apply_per_lib :  ITTAPI function not implemented: __itt_mark_global
547749 : 0xa85f55cf163d1 : 2 : ittapi_config_apply_per_lib :  ITTAPI function not implemented: __itt_mark_global_off
547749 : 0xa85f55cf16b87 : 2 : ittapi_config_apply_per_lib :  ITTAPI function instrumented: __itt_stack_caller_create
547749 : 0xa85f55cf17257 : 2 : ittapi_config_apply_per_lib :  ITTAPI function instrumented: __itt_stack_caller_destroy
547749 : 0xa85f55cf17922 : 2 : ittapi_config_apply_per_lib :  ITTAPI function instrumented: __itt_stack_callee_enter
547749 : 0xa85f55cf17ffb : 2 : ittapi_config_apply_per_lib :  ITTAPI function instrumented: __itt_stack_callee_leave
547749 : 0xa85f55cf18730 : 2 : ittapi_config_apply_per_lib :  ITTAPI function not implemented: __itt_clock_domain_create
547749 : 0xa85f55cf18e44 : 2 : ittapi_config_apply_per_lib :  ITTAPI function not implemented: __itt_clock_domain_reset
547749 : 0xa85f55cf1958b : 2 : ittapi_config_apply_per_lib :  ITTAPI function not implemented: __itt_id_create_ex
547749 : 0xa85f55cf1b308 : 2 : ittapi_config_apply_per_lib :  ITTAPI function not implemented: __itt_id_destroy_ex
547749 : 0xa85f55cf1baf7 : 2 : ittapi_config_apply_per_lib :  ITTAPI function not implemented: __itt_task_begin_ex
547749 : 0xa85f55cf1c25e : 2 : ittapi_config_apply_per_lib :  ITTAPI function not implemented: __itt_task_begin_fn_ex
547749 : 0xa85f55cf1c951 : 2 : ittapi_config_apply_per_lib :  ITTAPI function not implemented: __itt_task_end_ex
547749 : 0xa85f55cf1d056 : 2 : ittapi_config_apply_per_lib :  ITTAPI function instrumented: __itt_task_begin_overlapped
547749 : 0xa85f55cf1d7a8 : 2 : ittapi_config_apply_per_lib :  ITTAPI function not implemented: __itt_task_begin_overlapped_ex
547749 : 0xa85f55cf1de8b : 2 : ittapi_config_apply_per_lib :  ITTAPI function instrumented: __itt_task_end_overlapped
547749 : 0xa85f55cf1e5e6 : 2 : ittapi_config_apply_per_lib :  ITTAPI function not implemented: __itt_task_end_overlapped_ex
547749 : 0xa85f55cf1ecf2 : 2 : ittapi_config_apply_per_lib :  ITTAPI function not implemented: __itt_marker_ex
547749 : 0xa85f55cf1f4aa : 2 : ittapi_config_apply_per_lib :  ITTAPI function not implemented: __itt_metadata_add_with_scope
547749 : 0xa85f55cf208ce : 2 : ittapi_config_apply_per_lib :  ITTAPI function not implemented: __itt_metadata_str_add_with_scope
547749 : 0xa85f55cf21004 : 2 : ittapi_config_apply_per_lib :  ITTAPI function not implemented: __itt_relation_add_to_current_ex
547749 : 0xa85f55cf21757 : 2 : ittapi_config_apply_per_lib :  ITTAPI function not implemented: __itt_relation_add_ex
547749 : 0xa85f55cf21ed9 : 2 : ittapi_config_apply_per_lib :  ITTAPI function not implemented: __itt_track_group_create
547749 : 0xa85f55cf2259f : 2 : ittapi_config_apply_per_lib :  ITTAPI function not implemented: __itt_track_create
547749 : 0xa85f55cf22cce : 2 : ittapi_config_apply_per_lib :  ITTAPI function not implemented: __itt_set_track
547749 : 0xa85f55cf23396 : 2 : ittapi_config_apply_per_lib :  ITTAPI function instrumented: __itt_api_version
547749 : 0xa85f55cf23abe : 2 : ittapi_config_apply_per_lib :  ITTAPI function not implemented: __itt_av_save
547749 : 0xa85f55cf24175 : 2 : ittapi_config_apply_per_lib :  ITTAPI function instrumented: __itt_module_load
547749 : 0xa85f55cf24860 : 2 : ittapi_config_apply_per_lib :  ITTAPI function not implemented: __itt_module_unload
547749 : 0xa85f55cf25808 : 2 : ittapi_config_apply_per_lib :  ITTAPI function NOT instrumented (not matched by --itt-config option): __itt_histogram_submit

547749 : 0xa85f55cf6875c : 2 : ittapi_config_mask_get :  --itt-config mask to be applied: 55
547749 : 0xa85f55cf6926f : 2 : ittapi_config_apply_per_lib :  ITTAPI function instrumented: __itt_domain_create
547749 : 0xa85f55cf69a45 : 2 : ittapi_config_apply_per_lib :  ITTAPI function instrumented: __itt_module_load_with_sections
547749 : 0xa85f55cf6a2ed : 2 : ittapi_config_apply_per_lib :  ITTAPI function not implemented: __itt_module_unload_with_sections
547749 : 0xa85f55cf6a9f0 : 2 : ittapi_config_apply_per_lib :  ITTAPI function instrumented: __itt_string_handle_create
547749 : 0xa85f55cf6b0be : 2 : ittapi_config_apply_per_lib :  ITTAPI function instrumented: __itt_counter_create
547749 : 0xa85f55cf6b72a : 2 : ittapi_config_apply_per_lib :  ITTAPI function instrumented: __itt_counter_create_typed
547749 : 0xa85f55cf6bde1 : 2 : ittapi_config_apply_per_lib :  ITTAPI function instrumented: __itt_pause
547749 : 0xa85f55cf6c4a9 : 2 : ittapi_config_apply_per_lib :  ITTAPI function instrumented: __itt_resume
547749 : 0xa85f55cf6dfa6 : 2 : ittapi_config_apply_per_lib :  ITTAPI function instrumented: __itt_thread_set_name
547749 : 0xa85f55cf6e780 : 2 : ittapi_config_apply_per_lib :  ITTAPI function instrumented: __itt_thread_ignore
547749 : 0xa85f55cf6ee53 : 2 : ittapi_config_apply_per_lib :  ITTAPI function instrumented: __itt_thr_name_set
547749 : 0xa85f55cf6f53f : 2 : ittapi_config_apply_per_lib :  ITTAPI function instrumented: __itt_thr_ignore
547749 : 0xa85f55cf6fd0c : 2 : ittapi_config_apply_per_lib :  ITTAPI function not implemented: __itt_enable_attach
547749 : 0xa85f55cf70396 : 2 : ittapi_config_apply_per_lib :  ITTAPI function instrumented: __itt_detach
547749 : 0xa85f55cf70729 : 2 : ittapi_config_apply_per_lib :  ITTAPI function NOT instrumented (not matched by --itt-config option): __itt_sync_create

547749 : 0xa85f55cf70b0c : 2 : ittapi_config_apply_per_lib :  ITTAPI function NOT instrumented (not matched by --itt-config option): __itt_sync_rename

547749 : 0xa85f55cf70ed0 : 2 : ittapi_config_apply_per_lib :  ITTAPI function NOT instrumented (not matched by --itt-config option): __itt_sync_destroy

547749 : 0xa85f55cf71276 : 2 : ittapi_config_apply_per_lib :  ITTAPI function NOT instrumented (not matched by --itt-config option): __itt_sync_prepare

547749 : 0xa85f55cf72d71 : 2 : ittapi_config_apply_per_lib :  ITTAPI function NOT instrumented (not matched by --itt-config option): __itt_sync_cancel

547749 : 0xa85f55cf73182 : 2 : ittapi_config_apply_per_lib :  ITTAPI function NOT instrumented (not matched by --itt-config option): __itt_sync_acquired

547749 : 0xa85f55cf73509 : 2 : ittapi_config_apply_per_lib :  ITTAPI function NOT instrumented (not matched by --itt-config option): __itt_sync_releasing

547749 : 0xa85f55cf73d3b : 2 : ittapi_config_apply_per_lib :  ITTAPI function not implemented: __itt_suppress_push
547749 : 0xa85f55cf74547 : 2 : ittapi_config_apply_per_lib :  ITTAPI function not implemented: __itt_suppress_pop
547749 : 0xa85f55cf74ce5 : 2 : ittapi_config_apply_per_lib :  ITTAPI function not implemented: __itt_suppress_mark_range
547749 : 0xa85f55cf75468 : 2 : ittapi_config_apply_per_lib :  ITTAPI function not implemented: __itt_suppress_clear_range
547749 : 0xa85f55cf757eb : 2 : ittapi_config_apply_per_lib :  ITTAPI function NOT instrumented (not matched by --itt-config option): __itt_sync_prepare

547749 : 0xa85f55cf75b68 : 2 : ittapi_config_apply_per_lib :  ITTAPI function NOT instrumented (not matched by --itt-config option): __itt_sync_cancel

547749 : 0xa85f55cf75ef8 : 2 : ittapi_config_apply_per_lib :  ITTAPI function NOT instrumented (not matched by --itt-config option): __itt_sync_acquired

547749 : 0xa85f55cf76eee : 2 : ittapi_config_apply_per_lib :  ITTAPI function NOT instrumented (not matched by --itt-config option): __itt_sync_releasing

547749 : 0xa85f55cf77301 : 2 : ittapi_config_apply_per_lib :  ITTAPI function NOT instrumented (not matched by --itt-config option): __itt_model_site_begin

547749 : 0xa85f55cf776d2 : 2 : ittapi_config_apply_per_lib :  ITTAPI function NOT instrumented (not matched by --itt-config option): __itt_model_site_end

547749 : 0xa85f55cf77a6e : 2 : ittapi_config_apply_per_lib :  ITTAPI function NOT instrumented (not matched by --itt-config option): __itt_model_task_begin

547749 : 0xa85f55cf77e09 : 2 : ittapi_config_apply_per_lib :  ITTAPI function NOT instrumented (not matched by --itt-config option): __itt_model_task_end

547749 : 0xa85f55cf78170 : 2 : ittapi_config_apply_per_lib :  ITTAPI function NOT instrumented (not matched by --itt-config option): __itt_model_lock_acquire

547749 : 0xa85f55cf78518 : 2 : ittapi_config_apply_per_lib :  ITTAPI function NOT instrumented (not matched by --itt-config option): __itt_model_lock_release

547749 : 0xa85f55cf7889b : 2 : ittapi_config_apply_per_lib :  ITTAPI function NOT instrumented (not matched by --itt-config option): __itt_model_record_allocation

547749 : 0xa85f55cf78c35 : 2 : ittapi_config_apply_per_lib :  ITTAPI function NOT instrumented (not matched by --itt-config option): __itt_model_record_deallocation

547749 : 0xa85f55cf78fc6 : 2 : ittapi_config_apply_per_lib :  ITTAPI function NOT instrumented (not matched by --itt-config option): __itt_model_induction_uses

547749 : 0xa85f55cf7a0ed : 2 : ittapi_config_apply_per_lib :  ITTAPI function NOT instrumented (not matched by --itt-config option): __itt_model_reduction_uses

547749 : 0xa85f55cf7a484 : 2 : ittapi_config_apply_per_lib :  ITTAPI function NOT instrumented (not matched by --itt-config option): __itt_model_observe_uses

547749 : 0xa85f55cf7a81f : 2 : ittapi_config_apply_per_lib :  ITTAPI function NOT instrumented (not matched by --itt-config option): __itt_model_clear_uses

547749 : 0xa85f55cf7aba4 : 2 : ittapi_config_apply_per_lib :  ITTAPI function NOT instrumented (not matched by --itt-config option): __itt_model_site_beginA

547749 : 0xa85f55cf7af39 : 2 : ittapi_config_apply_per_lib :  ITTAPI function NOT instrumented (not matched by --itt-config option): __itt_model_site_beginAL

547749 : 0xa85f55cf7b2ad : 2 : ittapi_config_apply_per_lib :  ITTAPI function NOT instrumented (not matched by --itt-config option): __itt_model_task_beginA

547749 : 0xa85f55cf7b606 : 2 : ittapi_config_apply_per_lib :  ITTAPI function NOT instrumented (not matched by --itt-config option): __itt_model_task_beginAL

547749 : 0xa85f55cf7b9ae : 2 : ittapi_config_apply_per_lib :  ITTAPI function NOT instrumented (not matched by --itt-config option): __itt_model_iteration_taskA

547749 : 0xa85f55cf7bd21 : 2 : ittapi_config_apply_per_lib :  ITTAPI function NOT instrumented (not matched by --itt-config option): __itt_model_iteration_taskAL

547749 : 0xa85f55cf7c08e : 2 : ittapi_config_apply_per_lib :  ITTAPI function NOT instrumented (not matched by --itt-config option): __itt_model_site_end_2

547749 : 0xa85f55cf7d60c : 2 : ittapi_config_apply_per_lib :  ITTAPI function NOT instrumented (not matched by --itt-config option): __itt_model_task_end_2

547749 : 0xa85f55cf7da06 : 2 : ittapi_config_apply_per_lib :  ITTAPI function NOT instrumented (not matched by --itt-config option): __itt_model_lock_acquire_2

547749 : 0xa85f55cf7dd87 : 2 : ittapi_config_apply_per_lib :  ITTAPI function NOT instrumented (not matched by --itt-config option): __itt_model_lock_release_2

547749 : 0xa85f55cf7e0d5 : 2 : ittapi_config_apply_per_lib :  ITTAPI function NOT instrumented (not matched by --itt-config option): __itt_model_aggregate_task

547749 : 0xa85f55cf7e489 : 2 : ittapi_config_apply_per_lib :  ITTAPI function NOT instrumented (not matched by --itt-config option): __itt_model_disable_push

547749 : 0xa85f55cf7e839 : 2 : ittapi_config_apply_per_lib :  ITTAPI function NOT instrumented (not matched by --itt-config option): __itt_model_disable_pop

547749 : 0xa85f55cf7ef5e : 2 : ittapi_config_apply_per_lib :  ITTAPI function instrumented: __itt_heap_function_create
547749 : 0xa85f55cf7f652 : 2 : ittapi_config_apply_per_lib :  ITTAPI function instrumented: __itt_heap_allocate_begin
547749 : 0xa85f55cf7fd01 : 2 : ittapi_config_apply_per_lib :  ITTAPI function instrumented: __itt_heap_allocate_end
547749 : 0xa85f55cf803a7 : 2 : ittapi_config_apply_per_lib :  ITTAPI function instrumented: __itt_heap_free_begin
547749 : 0xa85f55cf81710 : 2 : ittapi_config_apply_per_lib :  ITTAPI function instrumented: __itt_heap_free_end
547749 : 0xa85f55cf81dd1 : 2 : ittapi_config_apply_per_lib :  ITTAPI function instrumented: __itt_heap_reallocate_begin
547749 : 0xa85f55cf82480 : 2 : ittapi_config_apply_per_lib :  ITTAPI function instrumented: __itt_heap_reallocate_end
547749 : 0xa85f55cf82c09 : 2 : ittapi_config_apply_per_lib :  ITTAPI function not implemented: __itt_heap_internal_access_begin
547749 : 0xa85f55cf83365 : 2 : ittapi_config_apply_per_lib :  ITTAPI function not implemented: __itt_heap_internal_access_end
547749 : 0xa85f55cf83ad4 : 2 : ittapi_config_apply_per_lib :  ITTAPI function not implemented: __itt_heap_record_memory_growth_begin
547749 : 0xa85f55cf8420b : 2 : ittapi_config_apply_per_lib :  ITTAPI function not implemented: __itt_heap_record_memory_growth_end
547749 : 0xa85f55cf8495c : 2 : ittapi_config_apply_per_lib :  ITTAPI function not implemented: __itt_heap_reset_detection
547749 : 0xa85f55cf850dd : 2 : ittapi_config_apply_per_lib :  ITTAPI function not implemented: __itt_heap_record
547749 : 0xa85f55cf857b9 : 2 : ittapi_config_apply_per_lib :  ITTAPI function not implemented: __itt_id_create
547749 : 0xa85f55cf8730d : 2 : ittapi_config_apply_per_lib :  ITTAPI function not implemented: __itt_id_destroy
547749 : 0xa85f55cf87a49 : 2 : ittapi_config_apply_per_lib :  ITTAPI function instrumented: __itt_get_timestamp
547749 : 0xa85f55cf88178 : 2 : ittapi_config_apply_per_lib :  ITTAPI function not implemented: __itt_region_begin
547749 : 0xa85f55cf888d7 : 2 : ittapi_config_apply_per_lib :  ITTAPI function not implemented: __itt_region_end
547749 : 0xa85f55cf88f86 : 2 : ittapi_config_apply_per_lib :  ITTAPI function instrumented: __itt_frame_begin_v3
547749 : 0xa85f55cf89649 : 2 : ittapi_config_apply_per_lib :  ITTAPI function instrumented: __itt_frame_end_v3
547749 : 0xa85f55cf89cde : 2 : ittapi_config_apply_per_lib :  ITTAPI function instrumented: __itt_frame_submit_v3
547749 : 0xa85f55cf8a420 : 2 : ittapi_config_apply_per_lib :  ITTAPI function not implemented: __itt_task_group
547749 : 0xa85f55cf8ab4e : 2 : ittapi_config_apply_per_lib :  ITTAPI function instrumented: __itt_task_begin
547749 : 0xa85f55cf8b1c7 : 2 : ittapi_config_apply_per_lib :  ITTAPI function instrumented: __itt_task_begin_fn
547749 : 0xa85f55cf8c4c5 : 2 : ittapi_config_apply_per_lib :  ITTAPI function instrumented: __itt_task_end
547749 : 0xa85f55cf8cc99 : 2 : ittapi_config_apply_per_lib :  ITTAPI function not implemented: __itt_counter_inc_v3
547749 : 0xa85f55cf8d404 : 2 : ittapi_config_apply_per_lib :  ITTAPI function not implemented: __itt_counter_inc_delta_v3
547749 : 0xa85f55cf8db4e : 2 : ittapi_config_apply_per_lib :  ITTAPI function not implemented: __itt_counter_dec_v3
547749 : 0xa85f55cf8e240 : 2 : ittapi_config_apply_per_lib :  ITTAPI function not implemented: __itt_counter_dec_delta_v3
547749 : 0xa85f55cf8e954 : 2 : ittapi_config_apply_per_lib :  ITTAPI function not implemented: __itt_marker
547749 : 0xa85f55cf8f03a : 2 : ittapi_config_apply_per_lib :  ITTAPI function instrumented: __itt_metadata_add
547749 : 0xa85f55cf8f767 : 2 : ittapi_config_apply_per_lib :  ITTAPI function not implemented: __itt_metadata_str_add
547749 : 0xa85f55cf8fe5d : 2 : ittapi_config_apply_per_lib :  ITTAPI function not implemented: __itt_relation_add_to_current
547749 : 0xa85f55cf9058e : 2 : ittapi_config_apply_per_lib :  ITTAPI function not implemented: __itt_relation_add
547749 : 0xa85f55cf9189d : 2 : ittapi_config_apply_per_lib :  ITTAPI function instrumented: __itt_event_create
547749 : 0xa85f55cf91f46 : 2 : ittapi_config_apply_per_lib :  ITTAPI function instrumented: __itt_event_start
547749 : 0xa85f55cf925fa : 2 : ittapi_config_apply_per_lib :  ITTAPI function instrumented: __itt_event_end
547749 : 0xa85f55cf9299a : 2 : ittapi_config_apply_per_lib :  ITTAPI function NOT instrumented (not matched by --itt-config option): __itt_sync_set_name

547749 : 0xa85f55cf92d5d : 2 : ittapi_config_apply_per_lib :  ITTAPI function NOT instrumented (not matched by --itt-config option): __itt_notify_sync_name

547749 : 0xa85f55cf930e3 : 2 : ittapi_config_apply_per_lib :  ITTAPI function NOT instrumented (not matched by --itt-config option): __itt_notify_sync_prepare

547749 : 0xa85f55cf9346e : 2 : ittapi_config_apply_per_lib :  ITTAPI function NOT instrumented (not matched by --itt-config option): __itt_notify_sync_cancel

547749 : 0xa85f55cf937e5 : 2 : ittapi_config_apply_per_lib :  ITTAPI function NOT instrumented (not matched by --itt-config option): __itt_notify_sync_acquired

547749 : 0xa85f55cf93b65 : 2 : ittapi_config_apply_per_lib :  ITTAPI function NOT instrumented (not matched by --itt-config option): __itt_notify_sync_releasing

547749 : 0xa85f55cf94262 : 2 : ittapi_config_apply_per_lib :  ITTAPI function not implemented: __itt_memory_read
547749 : 0xa85f55cf95609 : 2 : ittapi_config_apply_per_lib :  ITTAPI function not implemented: __itt_memory_write
547749 : 0xa85f55cf95d52 : 2 : ittapi_config_apply_per_lib :  ITTAPI function not implemented: __itt_memory_update
547749 : 0xa85f55cf9651c : 2 : ittapi_config_apply_per_lib :  ITTAPI function not implemented: __itt_state_get
547749 : 0xa85f55cf96c15 : 2 : ittapi_config_apply_per_lib :  ITTAPI function not implemented: __itt_state_set
547749 : 0xa85f55cf97353 : 2 : ittapi_config_apply_per_lib :  ITTAPI function not implemented: __itt_obj_mode_set
547749 : 0xa85f55cf97a2f : 2 : ittapi_config_apply_per_lib :  ITTAPI function not implemented: __itt_thr_mode_set
547749 : 0xa85f55cf98090 : 2 : ittapi_config_apply_per_lib :  ITTAPI function instrumented: __itt_frame_create
547749 : 0xa85f55cf986cd : 2 : ittapi_config_apply_per_lib :  ITTAPI function instrumented: __itt_pt_region_create
547749 : 0xa85f55cf98d57 : 2 : ittapi_config_apply_per_lib :  ITTAPI function instrumented: __itt_frame_begin
547749 : 0xa85f55cf993db : 2 : ittapi_config_apply_per_lib :  ITTAPI function instrumented: __itt_frame_end
547749 : 0xa85f55cf9ae1f : 2 : ittapi_config_apply_per_lib :  ITTAPI function not implemented: __itt_counter_destroy
547749 : 0xa85f55cf9b56b : 2 : ittapi_config_apply_per_lib :  ITTAPI function instrumented: __itt_counter_inc
547749 : 0xa85f55cf9bbc9 : 2 : ittapi_config_apply_per_lib :  ITTAPI function instrumented: __itt_counter_inc_delta
547749 : 0xa85f55cf9c23c : 2 : ittapi_config_apply_per_lib :  ITTAPI function instrumented: __itt_counter_dec
547749 : 0xa85f55cf9c8eb : 2 : ittapi_config_apply_per_lib :  ITTAPI function instrumented: __itt_counter_dec_delta
547749 : 0xa85f55cf9cf66 : 2 : ittapi_config_apply_per_lib :  ITTAPI function instrumented: __itt_counter_set_value
547749 : 0xa85f55cf9d653 : 2 : ittapi_config_apply_per_lib :  ITTAPI function not implemented: __itt_counter_set_value_ex
547749 : 0xa85f55cf9dd36 : 2 : ittapi_config_apply_per_lib :  ITTAPI function not implemented: __itt_mark_create
547749 : 0xa85f55cf9e467 : 2 : ittapi_config_apply_per_lib :  ITTAPI function not implemented: __itt_mark
547749 : 0xa85f55cf9ebd0 : 2 : ittapi_config_apply_per_lib :  ITTAPI function not implemented: __itt_mark_off
547749 : 0xa85f55cfa0005 : 2 : ittapi_config_apply_per_lib :  ITTAPI function not implemented: __itt_mark_global
547749 : 0xa85f55cfa074e : 2 : ittapi_config_apply_per_lib :  ITTAPI function not implemented: __itt_mark_global_off
547749 : 0xa85f55cfa0ea9 : 2 : ittapi_config_apply_per_lib :  ITTAPI function instrumented: __itt_stack_caller_create
547749 : 0xa85f55cfa1544 : 2 : ittapi_config_apply_per_lib :  ITTAPI function instrumented: __itt_stack_caller_destroy
547749 : 0xa85f55cfa1be3 : 2 : ittapi_config_apply_per_lib :  ITTAPI function instrumented: __itt_stack_callee_enter
547749 : 0xa85f55cfa227c : 2 : ittapi_config_apply_per_lib :  ITTAPI function instrumented: __itt_stack_callee_leave
547749 : 0xa85f55cfa29b1 : 2 : ittapi_config_apply_per_lib :  ITTAPI function not implemented: __itt_clock_domain_create
547749 : 0xa85f55cfa30c1 : 2 : ittapi_config_apply_per_lib :  ITTAPI function not implemented: __itt_clock_domain_reset
547749 : 0xa85f55cfa37b8 : 2 : ittapi_config_apply_per_lib :  ITTAPI function not implemented: __itt_id_create_ex
547749 : 0xa85f55cfa3ec0 : 2 : ittapi_config_apply_per_lib :  ITTAPI function not implemented: __itt_id_destroy_ex
547749 : 0xa85f55cfa5280 : 2 : ittapi_config_apply_per_lib :  ITTAPI function not implemented: __itt_task_begin_ex
547749 : 0xa85f55cfa59d9 : 2 : ittapi_config_apply_per_lib :  ITTAPI function not implemented: __itt_task_begin_fn_ex
547749 : 0xa85f55cfa60c6 : 2 : ittapi_config_apply_per_lib :  ITTAPI function not implemented: __itt_task_end_ex
547749 : 0xa85f55cfa677f : 2 : ittapi_config_apply_per_lib :  ITTAPI function instrumented: __itt_task_begin_overlapped
547749 : 0xa85f55cfa6ed3 : 2 : ittapi_config_apply_per_lib :  ITTAPI function not implemented: __itt_task_begin_overlapped_ex
547749 : 0xa85f55cfa75a0 : 2 : ittapi_config_apply_per_lib :  ITTAPI function instrumented: __itt_task_end_overlapped
547749 : 0xa85f55cfa7ca8 : 2 : ittapi_config_apply_per_lib :  ITTAPI function not implemented: __itt_task_end_overlapped_ex
547749 : 0xa85f55cfa8362 : 2 : ittapi_config_apply_per_lib :  ITTAPI function not implemented: __itt_marker_ex
547749 : 0xa85f55cfa8a85 : 2 : ittapi_config_apply_per_lib :  ITTAPI function not implemented: __itt_metadata_add_with_scope
547749 : 0xa85f55cfa91ec : 2 : ittapi_config_apply_per_lib :  ITTAPI function not implemented: __itt_metadata_str_add_with_scope
547749 : 0xa85f55cfab013 : 2 : ittapi_config_apply_per_lib :  ITTAPI function not implemented: __itt_relation_add_to_current_ex
547749 : 0xa85f55cfab792 : 2 : ittapi_config_apply_per_lib :  ITTAPI function not implemented: __itt_relation_add_ex
547749 : 0xa85f55cfabefd : 2 : ittapi_config_apply_per_lib :  ITTAPI function not implemented: __itt_track_group_create
547749 : 0xa85f55cfac56c : 2 : ittapi_config_apply_per_lib :  ITTAPI function not implemented: __itt_track_create
547749 : 0xa85f55cfacc0d : 2 : ittapi_config_apply_per_lib :  ITTAPI function not implemented: __itt_set_track
547749 : 0xa85f55cfad2ba : 2 : ittapi_config_apply_per_lib :  ITTAPI function instrumented: __itt_api_version
547749 : 0xa85f55cfad990 : 2 : ittapi_config_apply_per_lib :  ITTAPI function not implemented: __itt_av_save
547749 : 0xa85f55cfae025 : 2 : ittapi_config_apply_per_lib :  ITTAPI function instrumented: __itt_module_load
547749 : 0xa85f55cfae6ef : 2 : ittapi_config_apply_per_lib :  ITTAPI function not implemented: __itt_module_unload