
546248 : 0xa8599c23adfcb : 1 : spill_jit_data :  Jit agent is not initialized
546232 : 0xa8599c23b0bc8 : 2 : ittapi_config_mask_get :  --itt-config mask to be applied: 55
546232 : 0xa8599c23b3820 : 2 : ittapi_config_apply_per_lib :  ITTAPI function instrumented: __itt_domain_create
546232 : 0xa8599c23b41f3 : 2 : ittapi_config_apply_per_lib :  ITTAPI function instrumented: __itt_module_load_with_sections
546232 : 0xa8599c23b4fa5 : 2 : ittapi_config_apply_per_lib :  ITTAPI function not implemented: __itt_module_unload_with_sections
546232 : 0xa8599c23b583e : 2 : ittapi_config_apply_per_lib :  ITTAPI function instrumented: __itt_string_handle_create
546232 : 0xa8599c23b5fcd : 2 : ittapi_config_apply_per_lib :  ITTAPI function instrumented: __itt_counter_create
546232 : 0xa8599c23b6677 : 2 : ittapi_config_apply_per_lib :  ITTAPI function instrumented: __itt_counter_create_typed
546232 : 0xa8599c23b6e80 : 2 : ittapi_config_apply_per_lib :  ITTAPI function instrumented: __itt_pause
546232 : 0xa8599c23b759a : 2 : ittapi_config_apply_per_lib :  ITTAPI function instrumented: __itt_resume
546232 : 0xa8599c23bcfc0 : 2 : ittapi_config_apply_per_lib :  ITTAPI function instrumented: __itt_thread_set_name
546232 : 0xa8599c23bd822 : 2 : ittapi_config_apply_per_lib :  ITTAPI function instrumented: __itt_thread_ignore
546232 : 0xa8599c23bdf57 : 2 : ittapi_config_apply_per_lib :  ITTAPI function instrumented: __itt_thr_name_set
546232 : 0xa8599c23be696 : 2 : ittapi_config_apply_per_lib :  ITTAPI function instrumented: __itt_thr_ignore
546232 : 0xa8599c23bed92 : 2 : ittapi_config_apply_per_lib :  ITTAPI function instrumented: __itt_histogram_create
546232 : 0xa8599c23bf76a : 2 : ittapi_config_apply_per_lib :  ITTAPI function not implemented: __itt_enable_attach
546232 : 0xa8599c23bfe66 : 2 : ittapi_config_apply_per_lib :  ITTAPI function instrumented: __itt_detach
546232 : 0xa8599c23c0239 : 2 : ittapi_config_apply_per_lib :  ITTAPI function NOT instrumented (not matched by --itt-config option): __itt_sync_create

546232 : 0xa8599c23c0726 : 2 : ittapi_config_apply_per_lib :  ITTAPI function NOT instrumented (not matched by --itt-config option): __itt_sync_rename

546232 : 0xa8599c23c0b12 : 2 : ittapi_config_apply_per_lib :  ITTAPI function NOT instrumented (not matched by --itt-config option): __itt_sync_destroy

546232 : 0xa8599c23c1f8f : 2 : ittapi_config_apply_per_lib :  ITTAPI function NOT instrumented (not matched by --itt-config option): __itt_sync_prepare

546232 : 0xa8599c23c23ba : 2 : ittapi_config_apply_per_lib :  ITTAPI function NOT instrumented (not matched by --itt-config option): __itt_sync_cancel

546232 : 0xa8599c23c274c : 2 : ittapi_config_apply_per_lib :  ITTAPI function NOT instrumented (not matched by --itt-config option): __itt_sync_acquired

546232 : 0xa8599c23c2acb : 2 : ittapi_config_apply_per_lib :  ITTAPI function NOT instrumented (not matched by --itt-config option): __itt_sync_releasing

546232 : 0xa8599c23c3322 : 2 : ittapi_config_apply_per_lib :  ITTAPI function not implemented: __itt_suppress_push
546232 : 0xa8599c23c3bc5 : 2 : ittapi_config_apply_per_lib :  ITTAPI function not implemented: __itt_suppress_pop
546232 : 0xa8599c23c434a : 2 : ittapi_config_apply_per_lib :  ITTAPI function not implemented: __itt_suppress_mark_range
546232 : 0xa8599c23c4b1b : 2 : ittapi_config_apply_per_lib :  ITTAPI function not implemented: __itt_suppress_clear_range
546232 : 0xa8599c23c4e82 : 2 : ittapi_config_apply_per_lib :  ITTAPI function NOT instrumented (not matched by --itt-config option): __itt_sync_prepare

546232 : 0xa8599c23c51fe : 2 : ittapi_config_apply_per_lib :  ITTAPI function NOT instrumented (not matched by --itt-config option): __itt_sync_cancel

546232 : 0xa8599c23c621c : 2 : ittapi_config_apply_per_lib :  ITTAPI function NOT instrumented (not matched by --itt-config option): __itt_sync_acquired

546232 : 0xa8599c23c65f5 : 2 : ittapi_config_apply_per_lib :  ITTAPI function NOT instrumented (not matched by --itt-config option): __itt_sync_releasing

546232 : 0xa8599c23c69c8 : 2 : ittapi_config_apply_per_lib :  ITTAPI function NOT instrumented (not matched by --itt-config option): __itt_model_site_begin

546232 : 0xa8599c23c6da6 : 2 : ittapi_config_apply_per_lib :  ITTAPI function NOT instrumented (not matched by --itt-config option): __itt_model_site_end

546232 : 0xa8599c23c7160 : 2 : ittapi_config_apply_per_lib :  ITTAPI function NOT instrumented (not matched by --itt-config option): __itt_model_task_begin

546232 : 0xa8599c23c7525 : 2 : ittapi_config_apply_per_lib :  ITTAPI function NOT instrumented (not matched by --itt-config option): __itt_model_task_end

546232 : 0xa8599c23c78a4 : 2 : ittapi_config_apply_per_lib :  ITTAPI function NOT instrumented (not matched by --itt-config option): __itt_model_lock_acquire

546232 : 0xa8599c23c7c4f : 2 : ittapi_config_apply_per_lib :  ITTAPI function NOT instrumented (not matched by --itt-config option): __itt_model_lock_release

546232 : 0xa8599c23c7fe7 : 2 : ittapi_config_apply_per_lib :  ITTAPI function NOT instrumented (not matched by --itt-config option): __itt_model_record_allocation

546232 : 0xa8599c23c8376 : 2 : ittapi_config_apply_per_lib :  ITTAPI function NOT instrumented (not matched by --itt-config option): __itt_model_record_deallocation

546232 : 0xa8599c23ca1cb : 2 : ittapi_config_apply_per_lib :  ITTAPI function NOT instrumented (not matched by --itt-config option): __itt_model_induction_uses

546232 : 0xa8599c23ca615 : 2 : ittapi_config_apply_per_lib :  ITTAPI function NOT instrumented (not matched by --itt-config option): __itt_model_reduction_uses

546232 : 0xa8599c23ca975 : 2 : ittapi_config_apply_per_lib :  ITTAPI function NOT instrumented (not matched by --itt-config option): __itt_model_observe_uses

546232 : 0xa8599c23cad47 : 2 : ittapi_config_apply_per_lib :  ITTAPI function NOT instrumented (not matched by --itt-config option): __itt_model_clear_uses

546232 : 0xa8599c23cb0d6 : 2 : ittapi_config_apply_per_lib :  ITTAPI function NOT instrumented (not matched by --itt-config option): __itt_model_site_beginA

546232 : 0xa8599c23cb470 : 2 : ittapi_config_apply_per_lib :  ITTAPI function NOT instrumented (not matched by --itt-config option): __itt_model_site_beginAL

546232 : 0xa8599c23cb7e4 : 2 : ittapi_config_apply_per_lib :  ITTAPI function NOT instrumented (not matched by --itt-config option): __itt_model_task_beginA

546232 : 0xa8599c23cbb35 : 2 : ittapi_config_apply_per_lib :  ITTAPI function NOT instrumented (not matched by --itt-config option): __itt_model_task_beginAL

546232 : 0xa8599c23cbe8f : 2 : ittapi_config_apply_per_lib :  ITTAPI function NOT instrumented (not matched by --itt-config option): __itt_model_iteration_taskA

546232 : 0xa8599c23cc21d : 2 : ittapi_config_apply_per_lib :  ITTAPI function NOT instrumented (not matched by --itt-config option): __itt_model_iteration_taskAL

546232 : 0xa8599c23cd1ba : 2 : ittapi_config_apply_per_lib :  ITTAPI function NOT instrumented (not matched by --itt-config option): __itt_model_site_end_2

546232 : 0xa8599c23cd5b2 : 2 : ittapi_config_apply_per_lib :  ITTAPI function NOT instrumented (not matched by --itt-config option): __itt_model_task_end_2

546232 : 0xa8599c23cd933 : 2 : ittapi_config_apply_per_lib :  ITTAPI function NOT instrumented (not matched by --itt-config option): __itt_model_lock_acquire_2

546232 : 0xa8599c23cdcb0 : 2 : ittapi_config_apply_per_lib :  ITTAPI function NOT instrumented (not matched by --itt-config option): __itt_model_lock_release_2

546232 : 0xa8599c23ce009 : 2 : ittapi_config_apply_per_lib :  ITTAPI function NOT instrumented (not matched by --itt-config option): __itt_model_aggregate_task

546232 : 0xa8599c23ce37b : 2 : ittapi_config_apply_per_lib :  ITTAPI function NOT instrumented (not matched by --itt-config option): __itt_model_disable_push

546232 : 0xa8599c23ce6e2 : 2 : ittapi_config_apply_per_lib :  ITTAPI function NOT instrumented (not matched by --itt-config option): __itt_model_disable_pop

546232 : 0xa8599c23cee72 : 2 : ittapi_config_apply_per_lib :  ITTAPI function instrumented: __itt_heap_function_create
546232 : 0xa8599c23cf629 : 2 : ittapi_config_apply_per_lib :  ITTAPI function instrumented: __itt_heap_allocate_begin
546232 : 0xa8599c23cfd01 : 2 : ittapi_config_apply_per_lib :  ITTAPI function instrumented: __itt_heap_allocate_end
546232 : 0xa8599c23d1824 : 2 : ittapi_config_apply_per_lib :  ITTAPI function instrumented: __itt_heap_free_begin
546232 : 0xa8599c23d1f45 : 2 : ittapi_config_apply_per_lib :  ITTAPI function instrumented: __itt_heap_free_end
546232 : 0xa8599c23d2633 : 2 : ittapi_config_apply_per_lib :  ITTAPI function instrumented: __itt_heap_reallocate_begin
546232 : 0xa8599c23d2cb3 : 2 : ittapi_config_apply_per_lib :  ITTAPI function instrumented: __itt_heap_reallocate_end
546232 : 0xa8599c23d347f : 2 : ittapi_config_apply_per_lib :  ITTAPI function not implemented: __itt_heap_internal_access_begin
546232 : 0xa8599c23d3bd0 : 2 : ittapi_config_apply_per_lib :  ITTAPI function not implemented: __itt_heap_internal_access_end
546232 : 0xa8599c23d4396 : 2 : ittapi_config_apply_per_lib :  ITTAPI function not implemented: __itt_heap_record_memory_growth_begin
546232 : 0xa8599c23d4aa6 : 2 : ittapi_config_apply_per_lib :  ITTAPI function not implemented: __itt_heap_record_memory_growth_end
546232 : 0xa8599c23d5231 : 2 : ittapi_config_apply_per_lib :  ITTAPI function not implemented: __itt_heap_reset_detection
546232 : 0xa8599c23d59fe : 2 : ittapi_config_apply_per_lib :  ITTAPI function not implemented: __itt_heap_record
546232 : 0xa8599c23d6de0 : 2 : ittapi_config_apply_per_lib :  ITTAPI function not implemented: __itt_id_create
546232 : 0xa8599c23d75c6 : 2 : ittapi_config_apply_per_lib :  ITTAPI function not implemented: __itt_id_destroy
546232 : 0xa8599c23d7cf4 : 2 : ittapi_config_apply_per_lib :  ITTAPI function instrumented: __itt_get_timestamp
546232 : 0xa8599c23d8408 : 2 : ittapi_config_apply_per_lib :  ITTAPI function not implemented: __itt_region_begin
546232 : 0xa8599c23d8bbf : 2 : ittapi_config_apply_per_lib :  ITTAPI function not implemented: __itt_region_end
546232 : 0xa8599c23d92cf : 2 : ittapi_config_apply_per_lib :  ITTAPI function instrumented: __itt_frame_begin_v3
546232 : 0xa8599c23d99a5 : 2 : ittapi_config_apply_per_lib :  ITTAPI function instrumented: __itt_frame_end_v3
546232 : 0xa8599c23da049 : 2 : ittapi_config_apply_per_lib :  ITTAPI function instrumented: __itt_frame_submit_v3
546232 : 0xa8599c23da7b1 : 2 : ittapi_config_apply_per_lib :  ITTAPI function not implemented: __itt_task_group
546232 : 0xa8599c23daf06 : 2 : ittapi_config_apply_per_lib :  ITTAPI function instrumented: __itt_task_begin
546232 : 0xa8599c23dc1e4 : 2 : ittapi_config_apply_per_lib :  ITTAPI function instrumented: __itt_task_begin_fn
546232 : 0xa8599c23dc963 : 2 : ittapi_config_apply_per_lib :  ITTAPI function instrumented: __itt_task_end
546232 : 0xa8599c23dd0d3 : 2 : ittapi_config_apply_per_lib :  ITTAPI function not implemented: __itt_counter_inc_v3
546232 : 0xa8599c23dd86e : 2 : ittapi_config_apply_per_lib :  ITTAPI function not implemented: __itt_counter_inc_delta_v3
546232 : 0xa8599c23ddfe5 : 2 : ittapi_config_apply_per_lib :  ITTAPI function not implemented: __itt_counter_dec_v3
546232 : 0xa8599c23de6c1 : 2 : ittapi_config_apply_per_lib :  ITTAPI function not implemented: __itt_counter_dec_delta_v3
546232 : 0xa8599c23dedbe : 2 : ittapi_config_apply_per_lib :  ITTAPI function not implemented: __itt_marker
546232 : 0xa8599c23df45d : 2 : ittapi_config_apply_per_lib :  ITTAPI function instrumented: __itt_metadata_add
546232 : 0xa8599c23dfbe2 : 2 : ittapi_config_apply_per_lib :  ITTAPI function not implemented: __itt_metadata_str_add
546232 : 0xa8599c23e02e0 : 2 : ittapi_config_apply_per_lib :  ITTAPI function not implemented: __itt_relation_add_to_current
546232 : 0xa8599c23e16c2 : 2 : ittapi_config_apply_per_lib :  ITTAPI function not implemented: __itt_relation_add
546232 : 0xa8599c23e1dba : 2 : ittapi_config_apply_per_lib :  ITTAPI function instrumented: __itt_event_create
546232 : 0xa8599c23e24f9 : 2 : ittapi_config_apply_per_lib :  ITTAPI function instrumented: __itt_event_start
546232 : 0xa8599c23e2be1 : 2 : ittapi_config_apply_per_lib :  ITTAPI function instrumented: __itt_event_end
546232 : 0xa8599c23e2f8a : 2 : ittapi_config_apply_per_lib :  ITTAPI function NOT instrumented (not matched by --itt-config option): __itt_sync_set_name

546232 : 0xa8599c23e338e : 2 : ittapi_config_apply_per_lib :  ITTAPI function NOT instrumented (not matched by --itt-config option): __itt_notify_sync_name

546232 : 0xa8599c23e378b : 2 : ittapi_config_apply_per_lib :  ITTAPI function NOT instrumented (not matched by --itt-config option): __itt_notify_sync_prepare

546232 : 0xa8599c23e3b12 : 2 : ittapi_config_apply_per_lib :  ITTAPI function NOT instrumented (not matched by --itt-config option): __itt_notify_sync_cancel

546232 : 0xa8599c23e3ea9 : 2 : ittapi_config_apply_per_lib :  ITTAPI function NOT instrumented (not matched by --itt-config option): __itt_notify_sync_acquired

546232 : 0xa8599c23e4251 : 2 : ittapi_config_apply_per_lib :  ITTAPI function NOT instrumented (not matched by --itt-config option): __itt_notify_sync_releasing

546232 : 0xa8599c23e5c41 : 2 : ittapi_config_apply_per_lib :  ITTAPI function not implemented: __itt_memory_read
546232 : 0xa8599c23e6480 : 2 : ittapi_config_apply_per_lib :  ITTAPI function not implemented: __itt_memory_write
546232 : 0xa8599c23e6ba0 : 2 : ittapi_config_apply_per_lib :  ITTAPI function not implemented: __itt_memory_update
546232 : 0xa8599c23e72ab : 2 : ittapi_config_apply_per_lib :  ITTAPI function not implemented: __itt_state_get
546232 : 0xa8599c23e795f : 2 : ittapi_config_apply_per_lib :  ITTAPI function not implemented: __itt_state_set
546232 : 0xa8599c23e80ca : 2 : ittapi_config_apply_per_lib :  ITTAPI function not implemented: __itt_obj_mode_set
546232 : 0xa8599c23e87d9 : 2 : ittapi_config_apply_per_lib :  ITTAPI function not implemented: __itt_thr_mode_set
546232 : 0xa8599c23e8e5c : 2 : ittapi_config_apply_per_lib :  ITTAPI function instrumented: __itt_frame_create
546232 : 0xa8599c23e94a9 : 2 : ittapi_config_apply_per_lib :  ITTAPI function instrumented: __itt_pt_region_create
546232 : 0xa8599c23e9b4d : 2 : ittapi_config_apply_per_lib :  ITTAPI function instrumented: __itt_frame_begin
546232 : 0xa8599c23eaf0e : 2 : ittapi_config_apply_per_lib :  ITTAPI function instrumented: __itt_frame_end
546232 : 0xa8599c23eb750 : 2 : ittapi_config_apply_per_lib :  ITTAPI function not implemented: __itt_counter_destroy
546232 : 0xa8599c23ebe26 : 2 : ittapi_config_apply_per_lib :  ITTAPI function instrumented: __itt_counter_inc
546232 : 0xa8599c23ec4a1 : 2 : ittapi_config_apply_per_lib :  ITTAPI function instrumented: __itt_counter_inc_delta
546232 : 0xa8599c23ecb44 : 2 : ittapi_config_apply_per_lib :  ITTAPI function instrumented: __itt_counter_dec
546232 : 0xa8599c23ed1fc : 2 : ittapi_config_apply_per_lib :  ITTAPI function instrumented: __itt_counter_dec_delta
546232 : 0xa8599c23ed88c : 2 : ittapi_config_apply_per_lib :  ITTAPI function instrumented: __itt_counter_set_value
546232 : 0xa8599c23edf7b : 2 : ittapi_config_apply_per_lib :  ITTAPI function not implemented: __itt_counter_set_value_ex
546232 : 0xa8599c23ee670 : 2 : ittapi_config_apply_per_lib :  ITTAPI function not implemented: __itt_mark_create
546232 : 0xa8599c23eed8f : 2 : ittapi_config_apply_per_lib :  ITTAPI function not implemented: __itt_mark
546232 : 0xa8599c23f01a0 : 2 : ittapi_config_apply_per_lib :  ITTAPI function not implemented: __itt_mark_off
546232 : 0xa8599c23f08db : 2 : ittapi_config_apply_per_lib :  ITTAPI function not implemented: __itt_mark_global
546232 : 0xa8599c23f0fc8 : 2 : ittapi_config_apply_per_lib :  ITTAPI function not implemented: __itt_mark_global_off
546232 : 0xa8599c23f1777 : 2 : ittapi_config_apply_per_lib :  ITTAPI function instrumented: __itt_stack_caller_create
546232 : 0xa8599c23f1e27 : 2 : ittapi_config_apply_per_lib :  ITTAPI function instrumented: __itt_stack_caller_destroy
546232 : 0xa8599c23f24ea : 2 : ittapi_config_apply_per_lib :  ITTAPI function instrumented: __itt_stack_callee_enter
546232 : 0xa8599c23f2c0d : 2 : ittapi_config_apply_per_lib :  ITTAPI function instrumented: __itt_stack_callee_leave
546232 : 0xa8599c23f332c : 2 : ittapi_config_apply_per_lib :  ITTAPI function not implemented: __itt_clock_domain_create
546232 : 0xa8599c23f3a0e : 2 : ittapi_config_apply_per_lib :  ITTAPI function not implemented: __itt_clock_domain_reset
546232 : 0xa8599c23f4136 : 2 : ittapi_config_apply_per_lib :  ITTAPI function not implemented: __itt_id_create_ex
546232 : 0xa8599c23f5c18 : 2 : ittapi_config_apply_per_lib :  ITTAPI function not implemented: __itt_id_destroy_ex
546232 : 0xa8599c23f63b4 : 2 : ittapi_config_apply_per_lib :  ITTAPI function not implemented: __itt_task_begin_ex
546232 : 0xa8599c23f6aef : 2 : ittapi_config_apply_per_lib :  ITTAPI function not implemented: __itt_task_begin_fn_ex
546232 : 0xa8599c23f71d6 : 2 : ittapi_config_apply_per_lib :  ITTAPI function not implemented: __itt_task_end_ex
546232 : 0xa8599c23f78d7 : 2 : ittapi_config_apply_per_lib :  ITTAPI function instrumented: __itt_task_begin_overlapped
546232 : 0xa8599c23f8038 : 2 : ittapi_config_apply_per_lib :  ITTAPI function not implemented: __itt_task_begin_overlapped_ex
546232 : 0xa8599c23f8721 : 2 : ittapi_config_apply_per_lib :  ITTAPI function instrumented: __itt_task_end_overlapped
546232 : 0xa8599c23f8e84 : 2 : ittapi_config_apply_per_lib :  ITTAPI function not implemented: __itt_task_end_overlapped_ex
546232 : 0xa8599c23f9542 : 2 : ittapi_config_apply_per_lib :  ITTAPI function not implemented: __itt_marker_ex
546232 : 0xa8599c23f9ceb : 2 : ittapi_config_apply_per_lib :  ITTAPI function not implemented: __itt_metadata_add_with_scope
546232 : 0xa8599c23fb123 : 2 : ittapi_config_apply_per_lib :  ITTAPI function not implemented: __itt_metadata_str_add_with_scope
546232 : 0xa8599c23fb882 : 2 : ittapi_config_apply_per_lib :  ITTAPI function not implemented: __itt_relation_add_to_current_ex
546232 : 0xa8599c23fbfb9 : 2 : ittapi_config_apply_per_lib :  ITTAPI function not implemented: __itt_relation_add_ex
546232 : 0xa8599c23fc73c : 2 : ittapi_config_apply_per_lib :  ITTAPI function not implemented: __itt_track_group_create
546232 : 0xa8599c23fce04 : 2 : ittapi_config_apply_per_lib :  ITTAPI function not implemented: __itt_track_create
546232 : 0xa8599c23fd50c : 2 : ittapi_config_apply_per_lib :  ITTAPI function not implemented: __itt_set_track
546232 : 0xa8599c23fdbce : 2 : ittapi_config_apply_per_lib :  ITTAPI function instrumented: __itt_api_version
546232 : 0xa8599c23fe2b7 : 2 : ittapi_config_apply_per_lib :  ITTAPI function not implemented: __itt_av_save
546232 : 0xa8599c23fe950 : 2 : ittapi_config_apply_per_lib :  ITTAPI function instrumented: __itt_module_load
546232 : 0xa8599c23ff027 : 2 : ittapi_config_apply_per_lib :  ITTAPI function not implemented: __itt_module_unload
546232 : 0xa8599c240007c : 2 : ittapi_config_apply_per_lib :  ITTAPI function NOT instrumented (not matched by --itt-config option): __itt_histogram_submit

546232 : 0xa8599c24482ff : 2 : ittapi_config_mask_get :  --itt-config mask to be applied: 55
546232 : 0xa8599c2448f98 : 2 : ittapi_config_apply_per_lib :  ITTAPI function instrumented: __itt_domain_create
546232 : 0xa8599c244982b : 2 : ittapi_config_apply_per_lib :  ITTAPI function instrumented: __itt_module_load_with_sections
546232 : 0xa8599c244a11c : 2 : ittapi_config_apply_per_lib :  ITTAPI function not implemented: __itt_module_unload_with_sections
546232 : 0xa8599c244a8c7 : 2 : ittapi_config_apply_per_lib :  ITTAPI function instrumented: __itt_string_handle_create
546232 : 0xa8599c244af91 : 2 : ittapi_config_apply_per_lib :  ITTAPI function instrumented: __itt_counter_create
546232 : 0xa8599c244b5ce : 2 : ittapi_config_apply_per_lib :  ITTAPI function instrumented: __itt_counter_create_typed
546232 : 0xa8599c244bd3b : 2 : ittapi_config_apply_per_lib :  ITTAPI function instrumented: __itt_pause
546232 : 0xa8599c244c40c : 2 : ittapi_config_apply_per_lib :  ITTAPI function instrumented: __itt_resume
546232 : 0xa8599c244e6cb : 2 : ittapi_config_apply_per_lib :  ITTAPI function instrumented: __itt_thread_set_name
546232 : 0xa8599c244ee6b : 2 : ittapi_config_apply_per_lib :  ITTAPI function instrumented: __itt_thread_ignore
546232 : 0xa8599c244f516 : 2 : ittapi_config_apply_per_lib :  ITTAPI function instrumented: __itt_thr_name_set
546232 : 0xa8599c244fbbc : 2 : ittapi_config_apply_per_lib :  ITTAPI function instrumented: __itt_thr_ignore
546232 : 0xa8599c24503df : 2 : ittapi_config_apply_per_lib :  ITTAPI function not implemented: __itt_enable_attach
546232 : 0xa8599c2450a8d : 2 : ittapi_config_apply_per_lib :  ITTAPI function instrumented: __itt_detach
546232 : 0xa8599c2450e93 : 2 : ittapi_config_apply_per_lib :  ITTAPI function NOT instrumented (not matched by --itt-config option): __itt_sync_create

546232 : 0xa8599c24512c9 : 2 : ittapi_config_apply_per_lib :  ITTAPI function NOT instrumented (not matched by --itt-config option): __itt_sync_rename

546232 : 0xa8599c2451695 : 2 : ittapi_config_apply_per_lib :  ITTAPI function NOT instrumented (not matched by --itt-config option): __itt_sync_destroy

546232 : 0xa8599c2451a6e : 2 : ittapi_config_apply_per_lib :  ITTAPI function NOT instrumented (not matched by --itt-config option): __itt_sync_prepare

546232 : 0xa8599c2453710 : 2 : ittapi_config_apply_per_lib :  ITTAPI function NOT instrumented (not matched by --itt-config option): __itt_sync_cancel

546232 : 0xa8599c2453b77 : 2 : ittapi_config_apply_per_lib :  ITTAPI function NOT instrumented (not matched by --itt-config option): __itt_sync_acquired

546232 : 0xa8599c2453f53 : 2 : ittapi_config_apply_per_lib :  ITTAPI function NOT instrumented (not matched by --itt-config option): __itt_sync_releasing

546232 : 0xa8599c245479e : 2 : ittapi_config_apply_per_lib :  ITTAPI function not implemented: __itt_suppress_push
546232 : 0xa8599c2454fb9 : 2 : ittapi_config_apply_per_lib :  ITTAPI function not implemented: __itt_suppress_pop
546232 : 0xa8599c2455727 : 2 : ittapi_config_apply_per_lib :  ITTAPI function not implemented: __itt_suppress_mark_range
546232 : 0xa8599c2455e9f : 2 : ittapi_config_apply_per_lib :  ITTAPI function not implemented: __itt_suppress_clear_range
546232 : 0xa8599c245621e : 2 : ittapi_config_apply_per_lib :  ITTAPI function NOT instrumented (not matched by --itt-config option): __itt_sync_prepare

546232 : 0xa8599c24565af : 2 : ittapi_config_apply_per_lib :  ITTAPI function NOT instrumented (not matched by --itt-config option): __itt_sync_cancel

546232 : 0xa8599c2456922 : 2 : ittapi_config_apply_per_lib :  ITTAPI function NOT instrumented (not matched by --itt-config option): __itt_sync_acquired

546232 : 0xa8599c2457954 : 2 : ittapi_config_apply_per_lib :  ITTAPI function NOT instrumented (not matched by --itt-config option): __itt_sync_releasing

546232 : 0xa8599c2457db6 : 2 : ittapi_config_apply_per_lib :  ITTAPI function NOT instrumented (not matched by --itt-config option): __itt_model_site_begin

546232 : 0xa8599c2458189 : 2 : ittapi_config_apply_per_lib :  ITTAPI function NOT instrumented (not matched by --itt-config option): __itt_model_site_end

546232 : 0xa8599c245852e : 2 : ittapi_config_apply_per_lib :  ITTAPI function NOT instrumented (not matched by --itt-config option): __itt_model_task_begin

546232 : 0xa8599c24588b1 : 2 : ittapi_config_apply_per_lib :  ITTAPI function NOT instrumented (not matched by --itt-config option): __itt_model_task_end

546232 : 0xa8599c2458c2a : 2 : ittapi_config_apply_per_lib :  ITTAPI function NOT instrumented (not matched by --itt-config option): __itt_model_lock_acquire

546232 : 0xa8599c2458fd9 : 2 : ittapi_config_apply_per_lib :  ITTAPI function NOT instrumented (not matched by --itt-config option): __itt_model_lock_release

546232 : 0xa8599c2459360 : 2 : ittapi_config_apply_per_lib :  ITTAPI function NOT instrumented (not matched by --itt-config option): __itt_model_record_allocation

546232 : 0xa8599c24596f6 : 2 : ittapi_config_apply_per_lib :  ITTAPI function NOT instrumented (not matched by --itt-config option): __itt_model_record_deallocation

546232 : 0xa8599c2459a57 : 2 : ittapi_config_apply_per_lib :  ITTAPI function NOT instrumented (not matched by --itt-config option): __itt_model_induction_uses

546232 : 0xa8599c245a9b6 : 2 : ittapi_config_apply_per_lib :  ITTAPI function NOT instrumented (not matched by --itt-config option): __itt_model_reduction_uses

546232 : 0xa8599c245ad57 : 2 : ittapi_config_apply_per_lib :  ITTAPI function NOT instrumented (not matched by --itt-config option): __itt_model_observe_uses

546232 : 0xa8599c245b0f8 : 2 : ittapi_config_apply_per_lib :  ITTAPI function NOT instrumented (not matched by --itt-config option): __itt_model_clear_uses

546232 : 0xa8599c245b485 : 2 : ittapi_config_apply_per_lib :  ITTAPI function NOT instrumented (not matched by --itt-config option): __itt_model_site_beginA

546232 : 0xa8599c245b81a : 2 : ittapi_config_apply_per_lib :  ITTAPI function NOT instrumented (not matched by --itt-config option): __itt_model_site_beginAL

546232 : 0xa8599c245bb93 : 2 : ittapi_config_apply_per_lib :  ITTAPI function NOT instrumented (not matched by --itt-config option): __itt_model_task_beginA

546232 : 0xa8599c245bee9 : 2 : ittapi_config_apply_per_lib :  ITTAPI function NOT instrumented (not matched by --itt-config option): __itt_model_task_beginAL

546232 : 0xa8599c245c243 : 2 : ittapi_config_apply_per_lib :  ITTAPI function NOT instrumented (not matched by --itt-config option): __itt_model_iteration_taskA

546232 : 0xa8599c245c5ad : 2 : ittapi_config_apply_per_lib :  ITTAPI function NOT instrumented (not matched by --itt-config option): __itt_model_iteration_taskAL

546232 : 0xa8599c245c911 : 2 : ittapi_config_apply_per_lib :  ITTAPI function NOT instrumented (not matched by --itt-config option): __itt_model_site_end_2

546232 : 0xa8599c245dede : 2 : ittapi_config_apply_per_lib :  ITTAPI function NOT instrumented (not matched by --itt-config option): __itt_model_task_end_2

546232 : 0xa8599c245e2e8 : 2 : ittapi_config_apply_per_lib :  ITTAPI function NOT instrumented (not matched by --itt-config option): __itt_model_lock_acquire_2

546232 : 0xa8599c245e674 : 2 : ittapi_config_apply_per_lib :  ITTAPI function NOT instrumented (not matched by --itt-config option): __itt_model_lock_release_2

546232 : 0xa8599c245e9d3 : 2 : ittapi_config_apply_per_lib :  ITTAPI function NOT instrumented (not matched by --itt-config option): __itt_model_aggregate_task

546232 : 0xa8599c245ed5b : 2 : ittapi_config_apply_per_lib :  ITTAPI function NOT instrumented (not matched by --itt-config option): __itt_model_disable_push

546232 : 0xa8599c245f0c0 : 2 : ittapi_config_apply_per_lib :  ITTAPI function NOT instrumented (not matched by --itt-config option): __itt_model_disable_pop

546232 : 0xa8599c245f7c7 : 2 : ittapi_config_apply_per_lib :  ITTAPI function instrumented: __itt_heap_function_create
546232 : 0xa8599c245febe : 2 : ittapi_config_apply_per_lib :  ITTAPI function instrumented: __itt_heap_allocate_begin
546232 : 0xa8599c24605d6 : 2 : ittapi_config_apply_per_lib :  ITTAPI function instrumented: __itt_heap_allocate_end
546232 : 0xa8599c2460ca9 : 2 : ittapi_config_apply_per_lib :  ITTAPI function instrumented: __itt_heap_free_begin
546232 : 0xa8599c2461ff5 : 2 : ittapi_config_apply_per_lib :  ITTAPI function instrumented: __itt_heap_free_end
546232 : 0xa8599c24626e8 : 2 : ittapi_config_apply_per_lib :  ITTAPI function instrumented: __itt_heap_reallocate_begin
546232 : 0xa8599c2462dd0 : 2 : ittapi_config_apply_per_lib :  ITTAPI function instrumented: __itt_heap_reallocate_end
546232 : 0xa8599c2463581 : 2 : ittapi_config_apply_per_lib :  ITTAPI function not implemented: __itt_heap_internal_access_begin
546232 : 0xa8599c2463cdf : 2 : ittapi_config_apply_per_lib :  ITTAPI function not implemented: __itt_heap_internal_access_end
546232 : 0xa8599c246441c : 2 : ittapi_config_apply_per_lib :  ITTAPI function not implemented: __itt_heap_record_memory_growth_begin
546232 : 0xa8599c2464af9 : 2 : ittapi_config_apply_per_lib :  ITTAPI function not implemented: __itt_heap_record_memory_growth_end
546232 : 0xa8599c2465246 : 2 : ittapi_config_apply_per_lib :  ITTAPI function not implemented: __itt_heap_reset_detection
546232 : 0xa8599c246597b : 2 : ittapi_config_apply_per_lib :  ITTAPI function not implemented: __itt_heap_record
546232 : 0xa8599c24660c5 : 2 : ittapi_config_apply_per_lib :  ITTAPI function not implemented: __itt_id_create
546232 : 0xa8599c2467c56 : 2 : ittapi_config_apply_per_lib :  ITTAPI function not implemented: __itt_id_destroy
546232 : 0xa8599c24683ca : 2 : ittapi_config_apply_per_lib :  ITTAPI function instrumented: __itt_get_timestamp
546232 : 0xa8599c2468aed : 2 : ittapi_config_apply_per_lib :  ITTAPI function not implemented: __itt_region_begin
546232 : 0xa8599c2469228 : 2 : ittapi_config_apply_per_lib :  ITTAPI function not implemented: __itt_region_end
546232 : 0xa8599c2469964 : 2 : ittapi_config_apply_per_lib :  ITTAPI function instrumented: __itt_frame_begin_v3
546232 : 0xa8599c246a058 : 2 : ittapi_config_apply_per_lib :  ITTAPI function instrumented: __itt_frame_end_v3
546232 : 0xa8599c246a721 : 2 : ittapi_config_apply_per_lib :  ITTAPI function instrumented: __itt_frame_submit_v3
546232 : 0xa8599c246aea6 : 2 : ittapi_config_apply_per_lib :  ITTAPI function not implemented: __itt_task_group
546232 : 0xa8599c246b5a8 : 2 : ittapi_config_apply_per_lib :  ITTAPI function instrumented: __itt_task_begin
546232 : 0xa8599c246bc7a : 2 : ittapi_config_apply_per_lib :  ITTAPI function instrumented: __itt_task_begin_fn
546232 : 0xa8599c246d002 : 2 : ittapi_config_apply_per_lib :  ITTAPI function instrumented: __itt_task_end
546232 : 0xa8599c246d7dc : 2 : ittapi_config_apply_per_lib :  ITTAPI function not implemented: __itt_counter_inc_v3
546232 : 0xa8599c246df37 : 2 : ittapi_config_apply_per_lib :  ITTAPI function not implemented: __itt_counter_inc_delta_v3
546232 : 0xa8599c246e67f : 2 : ittapi_config_apply_per_lib :  ITTAPI function not implemented: __itt_counter_dec_v3
546232 : 0xa8599c246ed69 : 2 : ittapi_config_apply_per_lib :  ITTAPI function not implemented: __itt_counter_dec_delta_v3
546232 : 0xa8599c246f499 : 2 : ittapi_config_apply_per_lib :  ITTAPI function not implemented: __itt_marker
546232 : 0xa8599c246fb93 : 2 : ittapi_config_apply_per_lib :  ITTAPI function instrumented: __itt_metadata_add
546232 : 0xa8599c24702d8 : 2 : ittapi_config_apply_per_lib :  ITTAPI function not implemented: __itt_metadata_str_add
546232 : 0xa8599c24709a3 : 2 : ittapi_config_apply_per_lib :  ITTAPI function not implemented: __itt_relation_add_to_current
546232 : 0xa8599c24710df : 2 : ittapi_config_apply_per_lib :  ITTAPI function not implemented: __itt_relation_add
546232 : 0xa8599c24723ab : 2 : ittapi_config_apply_per_lib :  ITTAPI function instrumented: __itt_event_create
546232 : 0xa8599c2472acf : 2 : ittapi_config_apply_per_lib :  ITTAPI function instrumented: __itt_event_start
546232 : 0xa8599c2473217 : 2 : ittapi_config_apply_per_lib :  ITTAPI function instrumented: __itt_event_end
546232 : 0xa8599c24735dd : 2 : ittapi_config_apply_per_lib :  ITTAPI function NOT instrumented (not matched by --itt-config option): __itt_sync_set_name

546232 : 0xa8599c24739a6 : 2 : ittapi_config_apply_per_lib :  ITTAPI function NOT instrumented (not matched by --itt-config option): __itt_notify_sync_name

546232 : 0xa8599c2473d32 : 2 : ittapi_config_apply_per_lib :  ITTAPI function NOT instrumented (not matched by --itt-config option): __itt_notify_sync_prepare

546232 : 0xa8599c24740ac : 2 : ittapi_config_apply_per_lib :  ITTAPI function NOT instrumented (not matched by --itt-config option): __itt_notify_sync_cancel

546232 : 0xa8599c247443e : 2 : ittapi_config_apply_per_lib :  ITTAPI function NOT instrumented (not matched by --itt-config option): __itt_notify_sync_acquired

546232 : 0xa8599c24747d2 : 2 : ittapi_config_apply_per_lib :  ITTAPI function NOT instrumented (not matched by --itt-config option): __itt_notify_sync_releasing

546232 : 0xa8599c2474eda : 2 : ittapi_config_apply_per_lib :  ITTAPI function not implemented: __itt_memory_read
546232 : 0xa8599c247627a : 2 : ittapi_config_apply_per_lib :  ITTAPI function not implemented: __itt_memory_write
546232 : 0xa8599c24769f1 : 2 : ittapi_config_apply_per_lib :  ITTAPI function not implemented: __itt_memory_update
546232 : 0xa8599c2477107 : 2 : ittapi_config_apply_per_lib :  ITTAPI function not implemented: __itt_state_get
546232 : 0xa8599c24777db : 2 : ittapi_config_apply_per_lib :  ITTAPI function not implemented: __itt_state_set
546232 : 0xa8599c2477f11 : 2 : ittapi_config_apply_per_lib :  ITTAPI function not implemented: __itt_obj_mode_set
546232 : 0xa8599c247860a : 2 : ittapi_config_apply_per_lib :  ITTAPI function not implemented: __itt_thr_mode_set
546232 : 0xa8599c2478caa : 2 : ittapi_config_apply_per_lib :  ITTAPI function instrumented: __itt_frame_create
546232 : 0xa8599c2479314 : 2 : ittapi_config_apply_per_lib :  ITTAPI function instrumented: __itt_pt_region_create
546232 : 0xa8599c2479989 : 2 : ittapi_config_apply_per_lib :  ITTAPI function instrumented: __itt_frame_begin
546232 : 0xa8599c247a080 : 2 : ittapi_config_apply_per_lib :  ITTAPI function instrumented: __itt_frame_end
546232 : 0xa8599c247bb17 : 2 : ittapi_config_apply_per_lib :  ITTAPI function not implemented: __itt_counter_destroy
546232 : 0xa8599c247c250 : 2 : ittapi_config_apply_per_lib :  ITTAPI function instrumented: __itt_counter_inc
546232 : 0xa8599c247c8d5 : 2 : ittapi_config_apply_per_lib :  ITTAPI function instrumented: __itt_counter_inc_delta
546232 : 0xa8599c247cf81 : 2 : ittapi_config_apply_per_lib :  ITTAPI function instrumented: __itt_counter_dec
546232 : 0xa8599c247d639 : 2 : ittapi_config_apply_per_lib :  ITTAPI function instrumented: __itt_counter_dec_delta
546232 : 0xa8599c247dcca : 2 : ittapi_config_apply_per_lib :  ITTAPI function instrumented: __itt_counter_set_value
546232 : 0xa8599c247e390 : 2 : ittapi_config_apply_per_lib :  ITTAPI function not implemented: __itt_counter_set_value_ex
546232 : 0xa8599c247ea7d : 2 : ittapi_config_apply_per_lib :  ITTAPI function not implemented: __itt_mark_create
546232 : 0xa8599c247f19d : 2 : ittapi_config_apply_per_lib :  ITTAPI function not implemented: __itt_mark
546232 : 0xa8599c247f92f : 2 : ittapi_config_apply_per_lib :  ITTAPI function not implemented: __itt_mark_off
546232 : 0xa8599c2480ced : 2 : ittapi_config_apply_per_lib :  ITTAPI function not implemented: __itt_mark_global
546232 : 0xa8599c2481428 : 2 : ittapi_config_apply_per_lib :  ITTAPI function not implemented: __itt_mark_global_off
546232 : 0xa8599c2481bb7 : 2 : ittapi_config_apply_per_lib :  ITTAPI function instrumented: __itt_stack_caller_create
546232 : 0xa8599c248224e : 2 : ittapi_config_apply_per_lib :  ITTAPI function instrumented: __itt_stack_caller_destroy
546232 : 0xa8599c24828e6 : 2 : ittapi_config_apply_per_lib :  ITTAPI function instrumented: __itt_stack_callee_enter
546232 : 0xa8599c2482f8a : 2 : ittapi_config_apply_per_lib :  ITTAPI function instrumented: __itt_stack_callee_leave
546232 : 0xa8599c24836af : 2 : ittapi_config_apply_per_lib :  ITTAPI function not implemented: __itt_clock_domain_create
546232 : 0xa8599c2483de1 : 2 : ittapi_config_apply_per_lib :  ITTAPI function not implemented: __itt_clock_domain_reset
546232 : 0xa8599c24844fe : 2 : ittapi_config_apply_per_lib :  ITTAPI function not implemented: __itt_id_create_ex
546232 : 0xa8599c2484c01 : 2 : ittapi_config_apply_per_lib :  ITTAPI function not implemented: __itt_id_destroy_ex
546232 : 0xa8599c2485f8b : 2 : ittapi_config_apply_per_lib :  ITTAPI function not implemented: __itt_task_begin_ex
546232 : 0xa8599c248670c : 2 : ittapi_config_apply_per_lib :  ITTAPI function not implemented: __itt_task_begin_fn_ex
546232 : 0xa8599c2486dea : 2 : ittapi_config_apply_per_lib :  ITTAPI function not implemented: __itt_task_end_ex
546232 : 0xa8599c24874eb : 2 : ittapi_config_apply_per_lib :  ITTAPI function instrumented: __itt_task_begin_overlapped
546232 : 0xa8599c2487c22 : 2 : ittapi_config_apply_per_lib :  ITTAPI function not implemented: __itt_task_begin_overlapped_ex
546232 : 0xa8599c248830e : 2 : ittapi_config_apply_per_lib :  ITTAPI function instrumented: __itt_task_end_overlapped
546232 : 0xa8599c2488a40 : 2 : ittapi_config_apply_per_lib :  ITTAPI function not implemented: __itt_task_end_overlapped_ex
546232 : 0xa8599c24890f3 : 2 : ittapi_config_apply_per_lib :  ITTAPI function not implemented: __itt_marker_ex
546232 : 0xa8599c2489845 : 2 : ittapi_config_apply_per_lib :  ITTAPI function not implemented: __itt_metadata_add_with_scope
546232 : 0xa8599c2489fab : 2 : ittapi_config_apply_per_lib :  ITTAPI function not implemented: __itt_metadata_str_add_with_scope
546232 : 0xa8599c248ba56 : 2 : ittapi_config_apply_per_lib :  ITTAPI function not implemented: __itt_relation_add_to_current_ex
546232 : 0xa8599c248c1d1 : 2 : ittapi_config_apply_per_lib :  ITTAPI function not implemented: __itt_relation_add_ex
546232 : 0xa8599c248c918 : 2 : ittapi_config_apply_per_lib :  ITTAPI function not implemented: __itt_track_group_create
546232 : 0xa8599c248cf7f : 2 : ittapi_config_apply_per_lib :  ITTAPI function not implemented: __itt_track_create
546232 : 0xa8599c248d650 : 2 : ittapi_config_apply_per_lib :  ITTAPI function not implemented: __itt_set_track
546232 : 0xa8599c248dd09 : 2 : ittapi_config_apply_per_lib :  ITTAPI function instrumented: __itt_api_version
546232 : 0xa8599c248e3da : 2 : ittapi_config_apply_per_lib :  ITTAPI function not implemented: __itt_av_save
546232 : 0xa8599c248ea76 : 2 : ittapi_config_apply_per_lib :  ITTAPI function instrumented: __itt_module_load
546232 : 0xa8599c248f16a : 2 : ittapi_config_apply_per_lib :  ITTAPI function not implemented: __itt_module_unload