10 [22817903585152] INFO perfrun.launcher <> - Launcher main begin
11 [22817903585152] INFO perfrun.launcher <> - MessageCatalogInit finished
11 [22817903585152] INFO perfrun.launcher <> - Launcher instance created
11 [22817903585152] INFO perfrun.launcher <> - argc = 6; cmdline = /apps/all/VTune/2022.2.0-intel-2021b/vtune/2022.2.0/bin64/amplxe-runss -dump-vdso -r /tmp/pbs.744598.isrv1/amplxe-tmp-xzbori20/amplxe-res-547581-7990147977615842 --tmp-dir /tmp/pbs.744598.isrv1/amplxe-tmp-xzbori20 
53 [22817903585152] INFO perfrun.launcher <> - create msngr2::ICliToolContext
53 [22817903585152] INFO perfrun.launcher <> - create file finder object
55 [22817773917952] INFO perfrun.launcher <> - plugin [remoteplug] was disabled because it doesn't support the given collection type.
55 [22817773917952] INFO perfrun.launcher <> - plugin [system] was disabled because it doesn't support the given collection type.
55 [22817773917952] INFO perfrun.vdso <> - dumping [vdso] pseudomodule
56 [22817773917952] INFO perfrun.launcher <> - plugin [itt] was disabled because it doesn't support the given collection type.
56 [22817773917952] INFO perfrun.launcher <> - plugin [ptracecollector] was disabled because it doesn't support the given collection type.
56 [22817773917952] INFO perfrun.launcher <> - plugin [gpu] was disabled because it doesn't support the given collection type.
56 [22817773917952] INFO perfrun.launcher <> - plugin [] was disabled because it doesn't support the given collection type.
56 [22817773917952] INFO perfrun.launcher <> - plugin [] was disabled because it doesn't support the given collection type.
56 [22817773917952] INFO perfrun.launcher <> - plugin [] was disabled because it doesn't support the given collection type.
56 [22817773917952] INFO perfrun.launcher <> - plugin [mrte] was disabled because it doesn't support the given collection type.
56 [22817773917952] INFO perfrun.launcher <> - plugin [emon] was disabled because it doesn't support the given collection type.
56 [22817773917952] INFO perfrun.launcher <> - plugin [cuscol] was disabled because it doesn't support the given collection type.
56 [22817773917952] INFO perfrun.launcher <> - plugin [stdsrc] was disabled because it doesn't support the given collection type.
56 [22817773917952] INFO perfrun.launcher <> - plugin [sep] was disabled because it doesn't support the given collection type.
56 [22817773917952] INFO perfrun.launcher <> - plugin [vtsspp] was disabled because it doesn't support the given collection type.
56 [22817773917952] INFO perfrun.launcher <> - plugin [perf] was disabled because it doesn't support the given collection type.
56 [22817773917952] INFO perfrun.launcher <> - plugin [aoclprofile] was disabled because it doesn't support the given collection type.
56 [22817773917952] INFO perfrun.launcher <> - plugin [tpss] was disabled because it doesn't support the given collection type.
56 [22817773917952] INFO perfrun.launcher <> - plugin [media] was disabled because it doesn't support the given collection type.
56 [22817773917952] INFO perfrun.launcher <> - plugin [] was disabled because it doesn't support the given collection type.
56 [22817773917952] INFO perfrun.launcher <> - plugin [] was disabled because it doesn't support the given collection type.
56 [22817773917952] INFO perfrun.launcher <> - plugin [parallelfs] was disabled because it doesn't support the given collection type.
56 [22817773917952] INFO perfrun.launcher <> - plugin [power] was disabled because it doesn't support the given collection type.
56 [22817773917952] INFO perfrun.launcher <> - plugin [hwloc] was disabled because it doesn't support the given collection type.
56 [22817773917952] INFO perfrun.launcher <> - plugin [ipmwatch] was disabled because it doesn't support the given collection type.
56 [22817773917952] INFO perfrun.launcher <> - plugin [os_counters] was disabled because it doesn't support the given collection type.
56 [22817773917952] INFO perfrun.launcher <> - plugin [l0_metrics] was disabled because it doesn't support the given collection type.
56 [22817903585152] INFO perfrun.launcher <> - Application exit code: 0
56 [22817903585152] INFO perfrun.launcher <> - Exit code: 0
