<?xml version="1.0" encoding="utf-8" ?>
<!-- DO NOT EDIT THIS FILE -->

<log version='2.0' source='trc'>
	<msg id='1' display='false' source='trc'>
		<type>PROCESS_START</type>
		<severity>INFO</severity>
		<timestamp>Tue Nov  8 14:44:36 2022</timestamp>
		<arg name='process'>/home/xzbori20/avs/proj1/build_advisor/mandelbrot</arg>
		<arg name='pid'>3361313</arg>
	</msg>
	<!-- Instrumentation filter's state:
    Patterns applicability:
        Generic loop pattern.....................: enabled
        Generic loop pattern (with dynamic jumps): enabled
        Known trip value loop pattern............: enabled
        Runtime final value loop pattern.........: enabled
        No initial IV loop pattern...............: enabled
        IV step only loop pattern................: enabled
        No entry loop pattern....................: enabled
    Clustered memory model (CMM) applicability:
        Generic loop pattern.....................: enabled
        Generic loop pattern (with dynamic jumps): enabled
        Known trip value loop pattern............: enabled
        Runtime final value loop pattern.........: enabled
        No initial IV loop pattern...............: enabled
        IV step only loop pattern................: enabled
        No entry loop pattern....................: disabled
 -->
	<!-- Callstack mode:
    filter modules.........: true
    filter routines........: true
    count loops............: false
    count flops............: false
    trace..................: false
    extended trace.........: false
    omp trace..............: false
    jit trace..............: false
    failures trace.........: false
    dump raw...............: false
    dump final.............: false
    dump all...............: false
    stack stitching........: true
    stl profiling..........: true
    aggressive frame switch: true
    unwind frame exit......: true
    analyze child loops....: true
 -->
	<!-- Managed application profiling: -->
	<!-- 	State...................: enabled -->
	<!-- Gpu Profiling: -->
	<!-- 	State: disabled -->
	<msg id='2' display='false' source='trc'>
		<type>PROCESS_ANALYSIS_MODE</type>
		<severity>INFO</severity>
		<timestamp>Tue Nov  8 14:44:36 2022</timestamp>
		<arg name='mode'>full</arg>
	</msg>
	<!-- Update image info for [1:0x400000:YN] /home/xzbori20/avs/proj1/build_advisor/mandelbrot -->
	<msg id='3' display='false' source='trc'>
		<type>LOAD_MODULE</type>
		<severity>INFO</severity>
		<timestamp>Tue Nov  8 14:44:36 2022</timestamp>
		<arg name='module'>/home/xzbori20/avs/proj1/build_advisor/mandelbrot</arg>
		<arg name='basement'>0x400000</arg>
		<arg name='ceiling'>0x48297f</arg>
		<arg name='symtab'>yes</arg>
	</msg>
	<!-- Instrumenting image: id = 1, name = /home/xzbori20/avs/proj1/build_advisor/mandelbrot -->
	<!-- Instrumenting loops in routine "BatchMandelCalculator::calculateMandelbrot" -->
	<!-- Instrumenting loops in routine "main" -->
	<!-- Update image info for [2:0x146EC89DE000:YN] /lib64/ld-linux-x86-64.so.2 -->
	<msg id='4' display='false' source='trc'>
		<type>LOAD_MODULE</type>
		<severity>INFO</severity>
		<timestamp>Tue Nov  8 14:44:36 2022</timestamp>
		<arg name='module'>/lib64/ld-linux-x86-64.so.2</arg>
		<arg name='basement'>0x146ec89de000</arg>
		<arg name='ceiling'>0x146ec8c0c1cf</arg>
		<arg name='symtab'>yes</arg>
	</msg>
	<!-- Instrumentation of /lib64/ld-linux-x86-64.so.2 image skipped because of filter conditions [cs-mode]. -->
	<!-- Update image info for [3:0x146EC8C08000:NN] [vdso] -->
	<msg id='5' display='false' source='trc'>
		<type>LOAD_MODULE</type>
		<severity>INFO</severity>
		<timestamp>Tue Nov  8 14:44:36 2022</timestamp>
		<arg name='module'>[vdso]</arg>
		<arg name='basement'>0x146ec8c08000</arg>
		<arg name='ceiling'>0x146ec8c08f5c</arg>
		<arg name='symtab'>no</arg>
	</msg>
	<!-- Instrumentation of [vdso] image skipped because of filter conditions [cs-mode]. -->
	<!-- Update image info for [4:0x146EB189E000:YN] /apps/all/zlib/1.2.11-GCCcore-11.2.0/lib/libz.so.1 -->
	<msg id='6' display='false' source='trc'>
		<type>LOAD_MODULE</type>
		<severity>INFO</severity>
		<timestamp>Tue Nov  8 14:44:36 2022</timestamp>
		<arg name='module'>/apps/all/zlib/1.2.11-GCCcore-11.2.0/lib/libz.so.1</arg>
		<arg name='basement'>0x146eb189e000</arg>
		<arg name='ceiling'>0x146eb18b6168</arg>
		<arg name='symtab'>yes</arg>
	</msg>
	<!-- Instrumentation of /apps/all/zlib/1.2.11-GCCcore-11.2.0/lib/libz.so.1 image skipped because of filter conditions [cs-mode]. -->
	<!-- Update image info for [5:0x146EB1629000:YN] /apps/all/GCCcore/11.2.0/lib64/libstdc++.so.6 -->
	<msg id='7' display='false' source='trc'>
		<type>LOAD_MODULE</type>
		<severity>INFO</severity>
		<timestamp>Tue Nov  8 14:44:36 2022</timestamp>
		<arg name='module'>/apps/all/GCCcore/11.2.0/lib64/libstdc++.so.6</arg>
		<arg name='basement'>0x146eb1629000</arg>
		<arg name='ceiling'>0x146eb18541bf</arg>
		<arg name='symtab'>yes</arg>
	</msg>
	<!-- Instrumentation of /apps/all/GCCcore/11.2.0/lib64/libstdc++.so.6 image skipped because of filter conditions [cs-mode]. -->
	<!-- Update image info for [6:0x146EB1246000:YN] /lib64/libm.so.6 -->
	<msg id='8' display='false' source='trc'>
		<type>LOAD_MODULE</type>
		<severity>INFO</severity>
		<timestamp>Tue Nov  8 14:44:36 2022</timestamp>
		<arg name='module'>/lib64/libm.so.6</arg>
		<arg name='basement'>0x146eb1246000</arg>
		<arg name='ceiling'>0x146eb15c713f</arg>
		<arg name='symtab'>yes</arg>
	</msg>
	<!-- Instrumentation of /lib64/libm.so.6 image skipped because of filter conditions [cs-mode]. -->
	<!-- Update image info for [7:0x146EB122C000:YN] /apps/all/GCCcore/11.2.0/lib64/libgcc_s.so.1 -->
	<msg id='9' display='false' source='trc'>
		<type>LOAD_MODULE</type>
		<severity>INFO</severity>
		<timestamp>Tue Nov  8 14:44:36 2022</timestamp>
		<arg name='module'>/apps/all/GCCcore/11.2.0/lib64/libgcc_s.so.1</arg>
		<arg name='basement'>0x146eb122c000</arg>
		<arg name='ceiling'>0x146eb1245447</arg>
		<arg name='symtab'>yes</arg>
	</msg>
	<!-- Instrumentation of /apps/all/GCCcore/11.2.0/lib64/libgcc_s.so.1 image skipped because of filter conditions [cs-mode]. -->
	<!-- Update image info for [8:0x146EB0E67000:YN] /lib64/libc.so.6 -->
	<msg id='10' display='false' source='trc'>
		<type>LOAD_MODULE</type>
		<severity>INFO</severity>
		<timestamp>Tue Nov  8 14:44:36 2022</timestamp>
		<arg name='module'>/lib64/libc.so.6</arg>
		<arg name='basement'>0x146eb0e67000</arg>
		<arg name='ceiling'>0x146eb122b73f</arg>
		<arg name='symtab'>yes</arg>
	</msg>
	<!-- Instrumentation of /lib64/libc.so.6 image skipped because of filter conditions. -->
	<!-- Update image info for [9:0x146EB0C63000:YN] /lib64/libdl.so.2 -->
	<msg id='11' display='false' source='trc'>
		<type>LOAD_MODULE</type>
		<severity>INFO</severity>
		<timestamp>Tue Nov  8 14:44:36 2022</timestamp>
		<arg name='module'>/lib64/libdl.so.2</arg>
		<arg name='basement'>0x146eb0c63000</arg>
		<arg name='ceiling'>0x146eb0e6612f</arg>
		<arg name='symtab'>yes</arg>
	</msg>
	<!-- Instrumentation of /lib64/libdl.so.2 image skipped because of filter conditions [cs-mode]. -->
	<msg id='12' display='false' source='trc'>
		<type>UNLOAD_MODULE</type>
		<severity>INFO</severity>
		<timestamp>Tue Nov  8 14:44:41 2022</timestamp>
		<arg name='module'>/home/xzbori20/avs/proj1/build_advisor/mandelbrot</arg>
	</msg>
	<msg id='13' display='false' source='trc'>
		<type>UNLOAD_MODULE</type>
		<severity>INFO</severity>
		<timestamp>Tue Nov  8 14:44:41 2022</timestamp>
		<arg name='module'>/lib64/ld-linux-x86-64.so.2</arg>
	</msg>
	<msg id='14' display='false' source='trc'>
		<type>UNLOAD_MODULE</type>
		<severity>INFO</severity>
		<timestamp>Tue Nov  8 14:44:41 2022</timestamp>
		<arg name='module'>[vdso]</arg>
	</msg>
	<msg id='15' display='false' source='trc'>
		<type>UNLOAD_MODULE</type>
		<severity>INFO</severity>
		<timestamp>Tue Nov  8 14:44:41 2022</timestamp>
		<arg name='module'>/apps/all/zlib/1.2.11-GCCcore-11.2.0/lib/libz.so.1</arg>
	</msg>
	<msg id='16' display='false' source='trc'>
		<type>UNLOAD_MODULE</type>
		<severity>INFO</severity>
		<timestamp>Tue Nov  8 14:44:41 2022</timestamp>
		<arg name='module'>/apps/all/GCCcore/11.2.0/lib64/libstdc++.so.6</arg>
	</msg>
	<msg id='17' display='false' source='trc'>
		<type>UNLOAD_MODULE</type>
		<severity>INFO</severity>
		<timestamp>Tue Nov  8 14:44:41 2022</timestamp>
		<arg name='module'>/lib64/libm.so.6</arg>
	</msg>
	<msg id='18' display='false' source='trc'>
		<type>UNLOAD_MODULE</type>
		<severity>INFO</severity>
		<timestamp>Tue Nov  8 14:44:41 2022</timestamp>
		<arg name='module'>/apps/all/GCCcore/11.2.0/lib64/libgcc_s.so.1</arg>
	</msg>
	<msg id='19' display='false' source='trc'>
		<type>UNLOAD_MODULE</type>
		<severity>INFO</severity>
		<timestamp>Tue Nov  8 14:44:41 2022</timestamp>
		<arg name='module'>/lib64/libc.so.6</arg>
	</msg>
	<msg id='20' display='false' source='trc'>
		<type>UNLOAD_MODULE</type>
		<severity>INFO</severity>
		<timestamp>Tue Nov  8 14:44:41 2022</timestamp>
		<arg name='module'>/lib64/libdl.so.2</arg>
	</msg>
	<msg id='21' display='false' source='trc'>
		<type>PROCESS_FINISH</type>
		<severity>INFO</severity>
		<timestamp>Tue Nov  8 14:44:41 2022</timestamp>
		<arg name='process'>/home/xzbori20/avs/proj1/build_advisor/mandelbrot</arg>
		<arg name='pid'>3361313</arg>
		<arg name='exitcode'>0x0</arg>
	</msg>
	<!-- Application exited with code 0 -->
</log>